<?xml version="1.0" encoding="UTF-8"?>
<!-- Generated by org.testng.reporters.JUnitXMLReporter -->
<testsuite hostname="DESKTOP-KG32LII" ignored="0" name="Command line test" tests="669" failures="531" timestamp="06 May 2019 20:50:07 GMT" time="9.611" errors="0">
  <testcase name="testRules" time="0.34" classname="test1.Reader">
    <failure type="java.lang.AssertionError" message="expected [true] but found [false]">
      <![CDATA[java.lang.AssertionError: expected [true] but found [false]
at test1.Reader.testRules(Reader.java:86)
at test1.Reader.main(Reader.java:211)
... Removed 26 stack frames]]>
    </failure>
  </testcase> <!-- testRules -->
  <testcase name="testRules" time="0.032" classname="test1.Reader">
    <failure type="java.lang.AssertionError" message="expected [true] but found [false]">
      <![CDATA[java.lang.AssertionError: expected [true] but found [false]
at test1.Reader.testRules(Reader.java:86)
at test1.Reader.main(Reader.java:211)
... Removed 26 stack frames]]>
    </failure>
  </testcase> <!-- testRules -->
  <testcase name="testRules" time="0.047" classname="test1.Reader">
    <failure type="java.lang.AssertionError" message="expected [true] but found [false]">
      <![CDATA[java.lang.AssertionError: expected [true] but found [false]
at test1.Reader.testRules(Reader.java:86)
at test1.Reader.main(Reader.java:211)
... Removed 26 stack frames]]>
    </failure>
  </testcase> <!-- testRules -->
  <testcase name="testRules" time="0.031" classname="test1.Reader">
    <failure type="java.lang.AssertionError" message="expected [true] but found [false]">
      <![CDATA[java.lang.AssertionError: expected [true] but found [false]
at test1.Reader.testRules(Reader.java:86)
at test1.Reader.main(Reader.java:211)
... Removed 26 stack frames]]>
    </failure>
  </testcase> <!-- testRules -->
  <testcase name="testRules" time="0.031" classname="test1.Reader">
    <failure type="java.lang.AssertionError" message="expected [true] but found [false]">
      <![CDATA[java.lang.AssertionError: expected [true] but found [false]
at test1.Reader.testRules(Reader.java:86)
at test1.Reader.main(Reader.java:211)
... Removed 26 stack frames]]>
    </failure>
  </testcase> <!-- testRules -->
  <testcase name="testRules" time="0.015" classname="test1.Reader">
    <failure type="java.lang.AssertionError" message="expected [true] but found [false]">
      <![CDATA[java.lang.AssertionError: expected [true] but found [false]
at test1.Reader.testRules(Reader.java:86)
at test1.Reader.main(Reader.java:211)
... Removed 26 stack frames]]>
    </failure>
  </testcase> <!-- testRules -->
  <testcase name="testRules" time="0.031" classname="test1.Reader">
    <failure type="java.lang.AssertionError" message="expected [true] but found [false]">
      <![CDATA[java.lang.AssertionError: expected [true] but found [false]
at test1.Reader.testRules(Reader.java:86)
at test1.Reader.main(Reader.java:211)
... Removed 26 stack frames]]>
    </failure>
  </testcase> <!-- testRules -->
  <testcase name="testRules" time="0.032" classname="test1.Reader">
    <failure type="java.lang.AssertionError" message="expected [true] but found [false]">
      <![CDATA[java.lang.AssertionError: expected [true] but found [false]
at test1.Reader.testRules(Reader.java:86)
at test1.Reader.main(Reader.java:211)
... Removed 26 stack frames]]>
    </failure>
  </testcase> <!-- testRules -->
  <testcase name="testRules" time="0.015" classname="test1.Reader">
    <failure type="java.lang.AssertionError" message="expected [true] but found [false]">
      <![CDATA[java.lang.AssertionError: expected [true] but found [false]
at test1.Reader.testRules(Reader.java:86)
at test1.Reader.main(Reader.java:211)
... Removed 26 stack frames]]>
    </failure>
  </testcase> <!-- testRules -->
  <testcase name="testRules" time="0.032" classname="test1.Reader">
    <failure type="java.lang.AssertionError" message="expected [true] but found [false]">
      <![CDATA[java.lang.AssertionError: expected [true] but found [false]
at test1.Reader.testRules(Reader.java:86)
at test1.Reader.main(Reader.java:211)
... Removed 26 stack frames]]>
    </failure>
  </testcase> <!-- testRules -->
  <testcase name="testRules" time="0.015" classname="test1.Reader">
    <failure type="java.lang.AssertionError" message="expected [true] but found [false]">
      <![CDATA[java.lang.AssertionError: expected [true] but found [false]
at test1.Reader.testRules(Reader.java:86)
at test1.Reader.main(Reader.java:211)
... Removed 26 stack frames]]>
    </failure>
  </testcase> <!-- testRules -->
  <testcase name="testRules" time="0.031" classname="test1.Reader">
    <failure type="java.lang.AssertionError" message="expected [true] but found [false]">
      <![CDATA[java.lang.AssertionError: expected [true] but found [false]
at test1.Reader.testRules(Reader.java:86)
at test1.Reader.main(Reader.java:211)
... Removed 26 stack frames]]>
    </failure>
  </testcase> <!-- testRules -->
  <testcase name="testRules" time="0.016" classname="test1.Reader">
    <failure type="java.lang.AssertionError" message="expected [true] but found [false]">
      <![CDATA[java.lang.AssertionError: expected [true] but found [false]
at test1.Reader.testRules(Reader.java:86)
at test1.Reader.main(Reader.java:211)
... Removed 26 stack frames]]>
    </failure>
  </testcase> <!-- testRules -->
  <testcase name="testRules" time="0.016" classname="test1.Reader">
    <failure type="java.lang.AssertionError" message="expected [true] but found [false]">
      <![CDATA[java.lang.AssertionError: expected [true] but found [false]
at test1.Reader.testRules(Reader.java:86)
at test1.Reader.main(Reader.java:211)
... Removed 26 stack frames]]>
    </failure>
  </testcase> <!-- testRules -->
  <testcase name="testRules" time="0.047" classname="test1.Reader">
    <failure type="java.lang.AssertionError" message="expected [true] but found [false]">
      <![CDATA[java.lang.AssertionError: expected [true] but found [false]
at test1.Reader.testRules(Reader.java:86)
at test1.Reader.main(Reader.java:211)
... Removed 26 stack frames]]>
    </failure>
  </testcase> <!-- testRules -->
  <testcase name="testRules" time="0.031" classname="test1.Reader">
    <failure type="java.lang.AssertionError" message="expected [true] but found [false]">
      <![CDATA[java.lang.AssertionError: expected [true] but found [false]
at test1.Reader.testRules(Reader.java:86)
at test1.Reader.main(Reader.java:211)
... Removed 26 stack frames]]>
    </failure>
  </testcase> <!-- testRules -->
  <testcase name="testRules" time="0.0" classname="test1.Reader">
    <failure type="java.lang.AssertionError" message="expected [true] but found [false]">
      <![CDATA[java.lang.AssertionError: expected [true] but found [false]
at test1.Reader.testRules(Reader.java:86)
at test1.Reader.main(Reader.java:211)
... Removed 25 stack frames]]>
    </failure>
  </testcase> <!-- testRules -->
  <testcase name="testRules" time="0.015" classname="test1.Reader">
    <failure type="java.lang.AssertionError" message="expected [true] but found [false]">
      <![CDATA[java.lang.AssertionError: expected [true] but found [false]
at test1.Reader.testRules(Reader.java:86)
at test1.Reader.main(Reader.java:211)
... Removed 25 stack frames]]>
    </failure>
  </testcase> <!-- testRules -->
  <testcase name="testRules" time="0.016" classname="test1.Reader">
    <failure type="java.lang.AssertionError" message="expected [true] but found [false]">
      <![CDATA[java.lang.AssertionError: expected [true] but found [false]
at test1.Reader.testRules(Reader.java:86)
at test1.Reader.main(Reader.java:211)
... Removed 25 stack frames]]>
    </failure>
  </testcase> <!-- testRules -->
  <testcase name="testRules" time="0.0" classname="test1.Reader">
    <failure type="java.lang.AssertionError" message="expected [true] but found [false]">
      <![CDATA[java.lang.AssertionError: expected [true] but found [false]
at test1.Reader.testRules(Reader.java:86)
at test1.Reader.main(Reader.java:211)
... Removed 25 stack frames]]>
    </failure>
  </testcase> <!-- testRules -->
  <testcase name="testRules" time="0.015" classname="test1.Reader">
    <failure type="java.lang.AssertionError" message="expected [true] but found [false]">
      <![CDATA[java.lang.AssertionError: expected [true] but found [false]
at test1.Reader.testRules(Reader.java:86)
at test1.Reader.main(Reader.java:211)
... Removed 25 stack frames]]>
    </failure>
  </testcase> <!-- testRules -->
  <testcase name="testRules" time="0.032" classname="test1.Reader">
    <failure type="java.lang.AssertionError" message="expected [true] but found [false]">
      <![CDATA[java.lang.AssertionError: expected [true] but found [false]
at test1.Reader.testRules(Reader.java:86)
at test1.Reader.main(Reader.java:211)
... Removed 25 stack frames]]>
    </failure>
  </testcase> <!-- testRules -->
  <testcase name="testRules" time="0.016" classname="test1.Reader">
    <failure type="java.lang.AssertionError" message="expected [true] but found [false]">
      <![CDATA[java.lang.AssertionError: expected [true] but found [false]
at test1.Reader.testRules(Reader.java:86)
at test1.Reader.main(Reader.java:211)
... Removed 25 stack frames]]>
    </failure>
  </testcase> <!-- testRules -->
  <testcase name="testRules" time="0.047" classname="test1.Reader">
    <failure type="java.lang.AssertionError" message="expected [true] but found [false]">
      <![CDATA[java.lang.AssertionError: expected [true] but found [false]
at test1.Reader.testRules(Reader.java:86)
at test1.Reader.main(Reader.java:211)
... Removed 25 stack frames]]>
    </failure>
  </testcase> <!-- testRules -->
  <testcase name="testRules" time="0.015" classname="test1.Reader">
    <failure type="java.lang.AssertionError" message="expected [true] but found [false]">
      <![CDATA[java.lang.AssertionError: expected [true] but found [false]
at test1.Reader.testRules(Reader.java:86)
at test1.Reader.main(Reader.java:211)
... Removed 25 stack frames]]>
    </failure>
  </testcase> <!-- testRules -->
  <testcase name="testRules" time="0.016" classname="test1.Reader">
    <failure type="java.lang.AssertionError" message="expected [true] but found [false]">
      <![CDATA[java.lang.AssertionError: expected [true] but found [false]
at test1.Reader.testRules(Reader.java:86)
at test1.Reader.main(Reader.java:211)
... Removed 25 stack frames]]>
    </failure>
  </testcase> <!-- testRules -->
  <testcase name="testRules" time="0.031" classname="test1.Reader">
    <failure type="java.lang.AssertionError" message="expected [true] but found [false]">
      <![CDATA[java.lang.AssertionError: expected [true] but found [false]
at test1.Reader.testRules(Reader.java:86)
at test1.Reader.main(Reader.java:211)
... Removed 25 stack frames]]>
    </failure>
  </testcase> <!-- testRules -->
  <testcase name="testRules" time="0.016" classname="test1.Reader">
    <failure type="java.lang.AssertionError" message="expected [true] but found [false]">
      <![CDATA[java.lang.AssertionError: expected [true] but found [false]
at test1.Reader.testRules(Reader.java:86)
at test1.Reader.main(Reader.java:211)
... Removed 25 stack frames]]>
    </failure>
  </testcase> <!-- testRules -->
  <testcase name="testRules" time="0.015" classname="test1.Reader">
    <failure type="java.lang.AssertionError" message="expected [true] but found [false]">
      <![CDATA[java.lang.AssertionError: expected [true] but found [false]
at test1.Reader.testRules(Reader.java:86)
at test1.Reader.main(Reader.java:211)
... Removed 25 stack frames]]>
    </failure>
  </testcase> <!-- testRules -->
  <testcase name="testRules" time="0.0" classname="test1.Reader">
    <failure type="java.lang.AssertionError" message="expected [true] but found [false]">
      <![CDATA[java.lang.AssertionError: expected [true] but found [false]
at test1.Reader.testRules(Reader.java:86)
at test1.Reader.main(Reader.java:211)
... Removed 25 stack frames]]>
    </failure>
  </testcase> <!-- testRules -->
  <testcase name="testRules" time="0.016" classname="test1.Reader">
    <failure type="java.lang.AssertionError" message="expected [true] but found [false]">
      <![CDATA[java.lang.AssertionError: expected [true] but found [false]
at test1.Reader.testRules(Reader.java:86)
at test1.Reader.main(Reader.java:211)
... Removed 25 stack frames]]>
    </failure>
  </testcase> <!-- testRules -->
  <testcase name="testRules" time="0.016" classname="test1.Reader">
    <failure type="java.lang.AssertionError" message="expected [true] but found [false]">
      <![CDATA[java.lang.AssertionError: expected [true] but found [false]
at test1.Reader.testRules(Reader.java:86)
at test1.Reader.main(Reader.java:211)
... Removed 25 stack frames]]>
    </failure>
  </testcase> <!-- testRules -->
  <testcase name="testRules" time="0.0" classname="test1.Reader">
    <failure type="java.lang.AssertionError" message="expected [true] but found [false]">
      <![CDATA[java.lang.AssertionError: expected [true] but found [false]
at test1.Reader.testRules(Reader.java:86)
at test1.Reader.main(Reader.java:211)
... Removed 25 stack frames]]>
    </failure>
  </testcase> <!-- testRules -->
  <testcase name="testRules" time="0.015" classname="test1.Reader">
    <failure type="java.lang.AssertionError" message="expected [true] but found [false]">
      <![CDATA[java.lang.AssertionError: expected [true] but found [false]
at test1.Reader.testRules(Reader.java:86)
at test1.Reader.main(Reader.java:211)
... Removed 25 stack frames]]>
    </failure>
  </testcase> <!-- testRules -->
  <testcase name="testRules" time="0.016" classname="test1.Reader">
    <failure type="java.lang.AssertionError" message="expected [true] but found [false]">
      <![CDATA[java.lang.AssertionError: expected [true] but found [false]
at test1.Reader.testRules(Reader.java:86)
at test1.Reader.main(Reader.java:211)
... Removed 25 stack frames]]>
    </failure>
  </testcase> <!-- testRules -->
  <testcase name="testRules" time="0.031" classname="test1.Reader">
    <failure type="java.lang.AssertionError" message="expected [true] but found [false]">
      <![CDATA[java.lang.AssertionError: expected [true] but found [false]
at test1.Reader.testRules(Reader.java:86)
at test1.Reader.main(Reader.java:211)
... Removed 25 stack frames]]>
    </failure>
  </testcase> <!-- testRules -->
  <testcase name="testRules" time="0.016" classname="test1.Reader">
    <failure type="java.lang.AssertionError" message="expected [true] but found [false]">
      <![CDATA[java.lang.AssertionError: expected [true] but found [false]
at test1.Reader.testRules(Reader.java:86)
at test1.Reader.main(Reader.java:211)
... Removed 25 stack frames]]>
    </failure>
  </testcase> <!-- testRules -->
  <testcase name="testRules" time="0.015" classname="test1.Reader">
    <failure type="java.lang.AssertionError" message="expected [true] but found [false]">
      <![CDATA[java.lang.AssertionError: expected [true] but found [false]
at test1.Reader.testRules(Reader.java:86)
at test1.Reader.main(Reader.java:211)
... Removed 25 stack frames]]>
    </failure>
  </testcase> <!-- testRules -->
  <testcase name="testRules" time="0.0" classname="test1.Reader">
    <failure type="java.lang.AssertionError" message="expected [true] but found [false]">
      <![CDATA[java.lang.AssertionError: expected [true] but found [false]
at test1.Reader.testRules(Reader.java:86)
at test1.Reader.main(Reader.java:211)
... Removed 25 stack frames]]>
    </failure>
  </testcase> <!-- testRules -->
  <testcase name="testRules" time="0.016" classname="test1.Reader">
    <failure type="java.lang.AssertionError" message="expected [true] but found [false]">
      <![CDATA[java.lang.AssertionError: expected [true] but found [false]
at test1.Reader.testRules(Reader.java:86)
at test1.Reader.main(Reader.java:211)
... Removed 25 stack frames]]>
    </failure>
  </testcase> <!-- testRules -->
  <testcase name="testRules" time="0.047" classname="test1.Reader">
    <failure type="java.lang.AssertionError" message="expected [true] but found [false]">
      <![CDATA[java.lang.AssertionError: expected [true] but found [false]
at test1.Reader.testRules(Reader.java:86)
at test1.Reader.main(Reader.java:211)
... Removed 25 stack frames]]>
    </failure>
  </testcase> <!-- testRules -->
  <testcase name="testRules" time="0.016" classname="test1.Reader">
    <failure type="java.lang.AssertionError" message="expected [true] but found [false]">
      <![CDATA[java.lang.AssertionError: expected [true] but found [false]
at test1.Reader.testRules(Reader.java:86)
at test1.Reader.main(Reader.java:211)
... Removed 25 stack frames]]>
    </failure>
  </testcase> <!-- testRules -->
  <testcase name="testRules" time="0.015" classname="test1.Reader">
    <failure type="java.lang.AssertionError" message="expected [true] but found [false]">
      <![CDATA[java.lang.AssertionError: expected [true] but found [false]
at test1.Reader.testRules(Reader.java:86)
at test1.Reader.main(Reader.java:211)
... Removed 25 stack frames]]>
    </failure>
  </testcase> <!-- testRules -->
  <testcase name="testRules" time="0.016" classname="test1.Reader">
    <failure type="java.lang.AssertionError" message="expected [true] but found [false]">
      <![CDATA[java.lang.AssertionError: expected [true] but found [false]
at test1.Reader.testRules(Reader.java:86)
at test1.Reader.main(Reader.java:211)
... Removed 25 stack frames]]>
    </failure>
  </testcase> <!-- testRules -->
  <testcase name="testRules" time="0.063" classname="test1.Reader">
    <failure type="java.lang.AssertionError" message="expected [true] but found [false]">
      <![CDATA[java.lang.AssertionError: expected [true] but found [false]
at test1.Reader.testRules(Reader.java:86)
at test1.Reader.main(Reader.java:211)
... Removed 25 stack frames]]>
    </failure>
  </testcase> <!-- testRules -->
  <testcase name="testRules" time="0.093" classname="test1.Reader">
    <failure type="java.lang.AssertionError" message="expected [true] but found [false]">
      <![CDATA[java.lang.AssertionError: expected [true] but found [false]
at test1.Reader.testRules(Reader.java:86)
at test1.Reader.main(Reader.java:211)
... Removed 25 stack frames]]>
    </failure>
  </testcase> <!-- testRules -->
  <testcase name="testRules" time="0.0" classname="test1.Reader">
    <failure type="java.lang.AssertionError" message="expected [true] but found [false]">
      <![CDATA[java.lang.AssertionError: expected [true] but found [false]
at test1.Reader.testRules(Reader.java:86)
at test1.Reader.main(Reader.java:211)
... Removed 25 stack frames]]>
    </failure>
  </testcase> <!-- testRules -->
  <testcase name="testRules" time="0.0" classname="test1.Reader">
    <failure type="java.lang.AssertionError" message="expected [true] but found [false]">
      <![CDATA[java.lang.AssertionError: expected [true] but found [false]
at test1.Reader.testRules(Reader.java:86)
at test1.Reader.main(Reader.java:211)
... Removed 25 stack frames]]>
    </failure>
  </testcase> <!-- testRules -->
  <testcase name="testRules" time="0.016" classname="test1.Reader">
    <failure type="java.lang.AssertionError" message="expected [true] but found [false]">
      <![CDATA[java.lang.AssertionError: expected [true] but found [false]
at test1.Reader.testRules(Reader.java:86)
at test1.Reader.main(Reader.java:211)
... Removed 25 stack frames]]>
    </failure>
  </testcase> <!-- testRules -->
  <testcase name="testRules" time="0.031" classname="test1.Reader">
    <failure type="java.lang.AssertionError" message="expected [true] but found [false]">
      <![CDATA[java.lang.AssertionError: expected [true] but found [false]
at test1.Reader.testRules(Reader.java:86)
at test1.Reader.main(Reader.java:211)
... Removed 25 stack frames]]>
    </failure>
  </testcase> <!-- testRules -->
  <testcase name="testRules" time="0.016" classname="test1.Reader">
    <failure type="java.lang.AssertionError" message="expected [true] but found [false]">
      <![CDATA[java.lang.AssertionError: expected [true] but found [false]
at test1.Reader.testRules(Reader.java:86)
at test1.Reader.main(Reader.java:211)
... Removed 25 stack frames]]>
    </failure>
  </testcase> <!-- testRules -->
  <testcase name="testRules" time="0.015" classname="test1.Reader">
    <failure type="java.lang.AssertionError" message="expected [true] but found [false]">
      <![CDATA[java.lang.AssertionError: expected [true] but found [false]
at test1.Reader.testRules(Reader.java:86)
at test1.Reader.main(Reader.java:211)
... Removed 25 stack frames]]>
    </failure>
  </testcase> <!-- testRules -->
  <testcase name="testRules" time="0.031" classname="test1.Reader">
    <failure type="java.lang.AssertionError" message="expected [true] but found [false]">
      <![CDATA[java.lang.AssertionError: expected [true] but found [false]
at test1.Reader.testRules(Reader.java:86)
at test1.Reader.main(Reader.java:211)
... Removed 25 stack frames]]>
    </failure>
  </testcase> <!-- testRules -->
  <testcase name="testRules" time="0.116" classname="test1.Reader">
    <failure type="java.lang.AssertionError" message="expected [true] but found [false]">
      <![CDATA[java.lang.AssertionError: expected [true] but found [false]
at test1.Reader.testRules(Reader.java:86)
at test1.Reader.main(Reader.java:211)
... Removed 25 stack frames]]>
    </failure>
  </testcase> <!-- testRules -->
  <testcase name="testRules" time="0.008" classname="test1.Reader">
    <failure type="java.lang.AssertionError" message="expected [true] but found [false]">
      <![CDATA[java.lang.AssertionError: expected [true] but found [false]
at test1.Reader.testRules(Reader.java:86)
at test1.Reader.main(Reader.java:211)
... Removed 25 stack frames]]>
    </failure>
  </testcase> <!-- testRules -->
  <testcase name="testRules" time="0.008" classname="test1.Reader">
    <failure type="java.lang.AssertionError" message="expected [true] but found [false]">
      <![CDATA[java.lang.AssertionError: expected [true] but found [false]
at test1.Reader.testRules(Reader.java:86)
at test1.Reader.main(Reader.java:211)
... Removed 25 stack frames]]>
    </failure>
  </testcase> <!-- testRules -->
  <testcase name="testRules" time="0.0" classname="test1.Reader">
    <failure type="java.lang.AssertionError" message="expected [true] but found [false]">
      <![CDATA[java.lang.AssertionError: expected [true] but found [false]
at test1.Reader.testRules(Reader.java:86)
at test1.Reader.main(Reader.java:211)
... Removed 25 stack frames]]>
    </failure>
  </testcase> <!-- testRules -->
  <testcase name="testRules" time="0.015" classname="test1.Reader">
    <failure type="java.lang.AssertionError" message="expected [true] but found [false]">
      <![CDATA[java.lang.AssertionError: expected [true] but found [false]
at test1.Reader.testRules(Reader.java:86)
at test1.Reader.main(Reader.java:211)
... Removed 25 stack frames]]>
    </failure>
  </testcase> <!-- testRules -->
  <testcase name="testRules" time="0.016" classname="test1.Reader">
    <failure type="java.lang.AssertionError" message="expected [true] but found [false]">
      <![CDATA[java.lang.AssertionError: expected [true] but found [false]
at test1.Reader.testRules(Reader.java:86)
at test1.Reader.main(Reader.java:211)
... Removed 25 stack frames]]>
    </failure>
  </testcase> <!-- testRules -->
  <testcase name="testRules" time="0.016" classname="test1.Reader">
    <failure type="java.lang.AssertionError" message="expected [true] but found [false]">
      <![CDATA[java.lang.AssertionError: expected [true] but found [false]
at test1.Reader.testRules(Reader.java:86)
at test1.Reader.main(Reader.java:211)
... Removed 25 stack frames]]>
    </failure>
  </testcase> <!-- testRules -->
  <testcase name="testRules" time="0.016" classname="test1.Reader">
    <failure type="java.lang.AssertionError" message="expected [true] but found [false]">
      <![CDATA[java.lang.AssertionError: expected [true] but found [false]
at test1.Reader.testRules(Reader.java:86)
at test1.Reader.main(Reader.java:211)
... Removed 25 stack frames]]>
    </failure>
  </testcase> <!-- testRules -->
  <testcase name="testRules" time="0.016" classname="test1.Reader">
    <failure type="java.lang.AssertionError" message="expected [true] but found [false]">
      <![CDATA[java.lang.AssertionError: expected [true] but found [false]
at test1.Reader.testRules(Reader.java:86)
at test1.Reader.main(Reader.java:211)
... Removed 25 stack frames]]>
    </failure>
  </testcase> <!-- testRules -->
  <testcase name="testRules" time="0.015" classname="test1.Reader">
    <failure type="java.lang.AssertionError" message="expected [true] but found [false]">
      <![CDATA[java.lang.AssertionError: expected [true] but found [false]
at test1.Reader.testRules(Reader.java:86)
at test1.Reader.main(Reader.java:211)
... Removed 25 stack frames]]>
    </failure>
  </testcase> <!-- testRules -->
  <testcase name="testRules" time="0.064" classname="test1.Reader">
    <failure type="java.lang.AssertionError" message="expected [true] but found [false]">
      <![CDATA[java.lang.AssertionError: expected [true] but found [false]
at test1.Reader.testRules(Reader.java:86)
at test1.Reader.main(Reader.java:211)
... Removed 25 stack frames]]>
    </failure>
  </testcase> <!-- testRules -->
  <testcase name="testRules" time="0.024" classname="test1.Reader">
    <failure type="java.lang.AssertionError" message="expected [true] but found [false]">
      <![CDATA[java.lang.AssertionError: expected [true] but found [false]
at test1.Reader.testRules(Reader.java:86)
at test1.Reader.main(Reader.java:211)
... Removed 25 stack frames]]>
    </failure>
  </testcase> <!-- testRules -->
  <testcase name="testRules" time="0.021" classname="test1.Reader">
    <failure type="java.lang.AssertionError" message="expected [true] but found [false]">
      <![CDATA[java.lang.AssertionError: expected [true] but found [false]
at test1.Reader.testRules(Reader.java:86)
at test1.Reader.main(Reader.java:211)
... Removed 25 stack frames]]>
    </failure>
  </testcase> <!-- testRules -->
  <testcase name="testRules" time="0.0" classname="test1.Reader">
    <failure type="java.lang.AssertionError" message="expected [true] but found [false]">
      <![CDATA[java.lang.AssertionError: expected [true] but found [false]
at test1.Reader.testRules(Reader.java:86)
at test1.Reader.main(Reader.java:211)
... Removed 25 stack frames]]>
    </failure>
  </testcase> <!-- testRules -->
  <testcase name="testRules" time="0.015" classname="test1.Reader">
    <failure type="java.lang.AssertionError" message="expected [true] but found [false]">
      <![CDATA[java.lang.AssertionError: expected [true] but found [false]
at test1.Reader.testRules(Reader.java:86)
at test1.Reader.main(Reader.java:211)
... Removed 25 stack frames]]>
    </failure>
  </testcase> <!-- testRules -->
  <testcase name="testRules" time="0.016" classname="test1.Reader">
    <failure type="java.lang.AssertionError" message="expected [true] but found [false]">
      <![CDATA[java.lang.AssertionError: expected [true] but found [false]
at test1.Reader.testRules(Reader.java:86)
at test1.Reader.main(Reader.java:211)
... Removed 25 stack frames]]>
    </failure>
  </testcase> <!-- testRules -->
  <testcase name="testRules" time="0.0" classname="test1.Reader">
    <failure type="java.lang.AssertionError" message="expected [true] but found [false]">
      <![CDATA[java.lang.AssertionError: expected [true] but found [false]
at test1.Reader.testRules(Reader.java:86)
at test1.Reader.main(Reader.java:211)
... Removed 25 stack frames]]>
    </failure>
  </testcase> <!-- testRules -->
  <testcase name="testRules" time="0.016" classname="test1.Reader">
    <failure type="java.lang.AssertionError" message="expected [true] but found [false]">
      <![CDATA[java.lang.AssertionError: expected [true] but found [false]
at test1.Reader.testRules(Reader.java:86)
at test1.Reader.main(Reader.java:211)
... Removed 25 stack frames]]>
    </failure>
  </testcase> <!-- testRules -->
  <testcase name="testRules" time="0.015" classname="test1.Reader">
    <failure type="java.lang.AssertionError" message="expected [true] but found [false]">
      <![CDATA[java.lang.AssertionError: expected [true] but found [false]
at test1.Reader.testRules(Reader.java:86)
at test1.Reader.main(Reader.java:211)
... Removed 25 stack frames]]>
    </failure>
  </testcase> <!-- testRules -->
  <testcase name="testRules" time="0.016" classname="test1.Reader">
    <failure type="java.lang.AssertionError" message="expected [true] but found [false]">
      <![CDATA[java.lang.AssertionError: expected [true] but found [false]
at test1.Reader.testRules(Reader.java:86)
at test1.Reader.main(Reader.java:211)
... Removed 25 stack frames]]>
    </failure>
  </testcase> <!-- testRules -->
  <testcase name="testRules" time="0.031" classname="test1.Reader">
    <failure type="java.lang.AssertionError" message="expected [true] but found [false]">
      <![CDATA[java.lang.AssertionError: expected [true] but found [false]
at test1.Reader.testRules(Reader.java:86)
at test1.Reader.main(Reader.java:211)
... Removed 25 stack frames]]>
    </failure>
  </testcase> <!-- testRules -->
  <testcase name="testRules" time="0.0" classname="test1.Reader">
    <failure type="java.lang.AssertionError" message="expected [true] but found [false]">
      <![CDATA[java.lang.AssertionError: expected [true] but found [false]
at test1.Reader.testRules(Reader.java:86)
at test1.Reader.main(Reader.java:211)
... Removed 25 stack frames]]>
    </failure>
  </testcase> <!-- testRules -->
  <testcase name="testRules" time="0.016" classname="test1.Reader">
    <failure type="java.lang.AssertionError" message="expected [true] but found [false]">
      <![CDATA[java.lang.AssertionError: expected [true] but found [false]
at test1.Reader.testRules(Reader.java:86)
at test1.Reader.main(Reader.java:211)
... Removed 25 stack frames]]>
    </failure>
  </testcase> <!-- testRules -->
  <testcase name="testRules" time="0.015" classname="test1.Reader">
    <failure type="java.lang.AssertionError" message="expected [true] but found [false]">
      <![CDATA[java.lang.AssertionError: expected [true] but found [false]
at test1.Reader.testRules(Reader.java:86)
at test1.Reader.main(Reader.java:211)
... Removed 25 stack frames]]>
    </failure>
  </testcase> <!-- testRules -->
  <testcase name="testRules" time="0.0" classname="test1.Reader">
    <failure type="java.lang.AssertionError" message="expected [true] but found [false]">
      <![CDATA[java.lang.AssertionError: expected [true] but found [false]
at test1.Reader.testRules(Reader.java:86)
at test1.Reader.main(Reader.java:211)
... Removed 25 stack frames]]>
    </failure>
  </testcase> <!-- testRules -->
  <testcase name="testRules" time="0.016" classname="test1.Reader">
    <failure type="java.lang.AssertionError" message="expected [true] but found [false]">
      <![CDATA[java.lang.AssertionError: expected [true] but found [false]
at test1.Reader.testRules(Reader.java:86)
at test1.Reader.main(Reader.java:211)
... Removed 25 stack frames]]>
    </failure>
  </testcase> <!-- testRules -->
  <testcase name="testRules" time="0.016" classname="test1.Reader">
    <failure type="java.lang.AssertionError" message="expected [true] but found [false]">
      <![CDATA[java.lang.AssertionError: expected [true] but found [false]
at test1.Reader.testRules(Reader.java:86)
at test1.Reader.main(Reader.java:211)
... Removed 25 stack frames]]>
    </failure>
  </testcase> <!-- testRules -->
  <testcase name="testRules" time="0.015" classname="test1.Reader">
    <failure type="java.lang.AssertionError" message="expected [true] but found [false]">
      <![CDATA[java.lang.AssertionError: expected [true] but found [false]
at test1.Reader.testRules(Reader.java:86)
at test1.Reader.main(Reader.java:211)
... Removed 25 stack frames]]>
    </failure>
  </testcase> <!-- testRules -->
  <testcase name="testRules" time="0.016" classname="test1.Reader">
    <failure type="java.lang.AssertionError" message="expected [true] but found [false]">
      <![CDATA[java.lang.AssertionError: expected [true] but found [false]
at test1.Reader.testRules(Reader.java:86)
at test1.Reader.main(Reader.java:211)
... Removed 25 stack frames]]>
    </failure>
  </testcase> <!-- testRules -->
  <testcase name="testRules" time="0.0" classname="test1.Reader">
    <failure type="java.lang.AssertionError" message="expected [true] but found [false]">
      <![CDATA[java.lang.AssertionError: expected [true] but found [false]
at test1.Reader.testRules(Reader.java:86)
at test1.Reader.main(Reader.java:211)
... Removed 25 stack frames]]>
    </failure>
  </testcase> <!-- testRules -->
  <testcase name="testRules" time="0.016" classname="test1.Reader">
    <failure type="java.lang.AssertionError" message="expected [true] but found [false]">
      <![CDATA[java.lang.AssertionError: expected [true] but found [false]
at test1.Reader.testRules(Reader.java:86)
at test1.Reader.main(Reader.java:211)
... Removed 25 stack frames]]>
    </failure>
  </testcase> <!-- testRules -->
  <testcase name="testRules" time="0.016" classname="test1.Reader">
    <failure type="java.lang.AssertionError" message="expected [true] but found [false]">
      <![CDATA[java.lang.AssertionError: expected [true] but found [false]
at test1.Reader.testRules(Reader.java:86)
at test1.Reader.main(Reader.java:211)
... Removed 25 stack frames]]>
    </failure>
  </testcase> <!-- testRules -->
  <testcase name="testRules" time="0.015" classname="test1.Reader">
    <failure type="java.lang.AssertionError" message="expected [true] but found [false]">
      <![CDATA[java.lang.AssertionError: expected [true] but found [false]
at test1.Reader.testRules(Reader.java:86)
at test1.Reader.main(Reader.java:211)
... Removed 25 stack frames]]>
    </failure>
  </testcase> <!-- testRules -->
  <testcase name="testRules" time="0.0" classname="test1.Reader">
    <failure type="java.lang.AssertionError" message="expected [true] but found [false]">
      <![CDATA[java.lang.AssertionError: expected [true] but found [false]
at test1.Reader.testRules(Reader.java:86)
at test1.Reader.main(Reader.java:211)
... Removed 25 stack frames]]>
    </failure>
  </testcase> <!-- testRules -->
  <testcase name="testRules" time="0.031" classname="test1.Reader">
    <failure type="java.lang.AssertionError" message="expected [true] but found [false]">
      <![CDATA[java.lang.AssertionError: expected [true] but found [false]
at test1.Reader.testRules(Reader.java:86)
at test1.Reader.main(Reader.java:211)
... Removed 25 stack frames]]>
    </failure>
  </testcase> <!-- testRules -->
  <testcase name="testRules" time="0.002" classname="test1.Reader">
    <failure type="java.lang.AssertionError" message="expected [true] but found [false]">
      <![CDATA[java.lang.AssertionError: expected [true] but found [false]
at test1.Reader.testRules(Reader.java:86)
at test1.Reader.main(Reader.java:211)
... Removed 25 stack frames]]>
    </failure>
  </testcase> <!-- testRules -->
  <testcase name="testRules" time="0.015" classname="test1.Reader">
    <failure type="java.lang.AssertionError" message="expected [true] but found [false]">
      <![CDATA[java.lang.AssertionError: expected [true] but found [false]
at test1.Reader.testRules(Reader.java:86)
at test1.Reader.main(Reader.java:211)
... Removed 25 stack frames]]>
    </failure>
  </testcase> <!-- testRules -->
  <testcase name="testRules" time="0.031" classname="test1.Reader">
    <failure type="java.lang.AssertionError" message="expected [true] but found [false]">
      <![CDATA[java.lang.AssertionError: expected [true] but found [false]
at test1.Reader.testRules(Reader.java:86)
at test1.Reader.main(Reader.java:211)
... Removed 25 stack frames]]>
    </failure>
  </testcase> <!-- testRules -->
  <testcase name="testRules" time="0.047" classname="test1.Reader">
    <failure type="java.lang.AssertionError" message="expected [true] but found [false]">
      <![CDATA[java.lang.AssertionError: expected [true] but found [false]
at test1.Reader.testRules(Reader.java:86)
at test1.Reader.main(Reader.java:211)
... Removed 25 stack frames]]>
    </failure>
  </testcase> <!-- testRules -->
  <testcase name="testRules" time="0.011" classname="test1.Reader">
    <failure type="java.lang.AssertionError" message="expected [true] but found [false]">
      <![CDATA[java.lang.AssertionError: expected [true] but found [false]
at test1.Reader.testRules(Reader.java:86)
at test1.Reader.main(Reader.java:211)
... Removed 25 stack frames]]>
    </failure>
  </testcase> <!-- testRules -->
  <testcase name="testRules" time="0.008" classname="test1.Reader">
    <failure type="java.lang.AssertionError" message="expected [true] but found [false]">
      <![CDATA[java.lang.AssertionError: expected [true] but found [false]
at test1.Reader.testRules(Reader.java:86)
at test1.Reader.main(Reader.java:211)
... Removed 25 stack frames]]>
    </failure>
  </testcase> <!-- testRules -->
  <testcase name="testRules" time="0.004" classname="test1.Reader">
    <failure type="java.lang.AssertionError" message="expected [true] but found [false]">
      <![CDATA[java.lang.AssertionError: expected [true] but found [false]
at test1.Reader.testRules(Reader.java:86)
at test1.Reader.main(Reader.java:211)
... Removed 25 stack frames]]>
    </failure>
  </testcase> <!-- testRules -->
  <testcase name="testRules" time="0.0" classname="test1.Reader">
    <failure type="java.lang.AssertionError" message="expected [true] but found [false]">
      <![CDATA[java.lang.AssertionError: expected [true] but found [false]
at test1.Reader.testRules(Reader.java:86)
at test1.Reader.main(Reader.java:211)
... Removed 25 stack frames]]>
    </failure>
  </testcase> <!-- testRules -->
  <testcase name="testRules" time="0.016" classname="test1.Reader">
    <failure type="java.lang.AssertionError" message="expected [true] but found [false]">
      <![CDATA[java.lang.AssertionError: expected [true] but found [false]
at test1.Reader.testRules(Reader.java:86)
at test1.Reader.main(Reader.java:211)
... Removed 25 stack frames]]>
    </failure>
  </testcase> <!-- testRules -->
  <testcase name="testRules" time="0.0" classname="test1.Reader">
    <failure type="java.lang.AssertionError" message="expected [true] but found [false]">
      <![CDATA[java.lang.AssertionError: expected [true] but found [false]
at test1.Reader.testRules(Reader.java:86)
at test1.Reader.main(Reader.java:211)
... Removed 25 stack frames]]>
    </failure>
  </testcase> <!-- testRules -->
  <testcase name="testRules" time="0.0" classname="test1.Reader">
    <failure type="java.lang.AssertionError" message="expected [true] but found [false]">
      <![CDATA[java.lang.AssertionError: expected [true] but found [false]
at test1.Reader.testRules(Reader.java:86)
at test1.Reader.main(Reader.java:211)
... Removed 25 stack frames]]>
    </failure>
  </testcase> <!-- testRules -->
  <testcase name="testRules" time="0.0" classname="test1.Reader">
    <failure type="java.lang.AssertionError" message="expected [true] but found [false]">
      <![CDATA[java.lang.AssertionError: expected [true] but found [false]
at test1.Reader.testRules(Reader.java:86)
at test1.Reader.main(Reader.java:211)
... Removed 25 stack frames]]>
    </failure>
  </testcase> <!-- testRules -->
  <testcase name="testRules" time="0.016" classname="test1.Reader">
    <failure type="java.lang.AssertionError" message="expected [true] but found [false]">
      <![CDATA[java.lang.AssertionError: expected [true] but found [false]
at test1.Reader.testRules(Reader.java:86)
at test1.Reader.main(Reader.java:211)
... Removed 25 stack frames]]>
    </failure>
  </testcase> <!-- testRules -->
  <testcase name="testRules" time="0.015" classname="test1.Reader">
    <failure type="java.lang.AssertionError" message="expected [true] but found [false]">
      <![CDATA[java.lang.AssertionError: expected [true] but found [false]
at test1.Reader.testRules(Reader.java:86)
at test1.Reader.main(Reader.java:211)
... Removed 25 stack frames]]>
    </failure>
  </testcase> <!-- testRules -->
  <testcase name="testRules" time="0.016" classname="test1.Reader">
    <failure type="java.lang.AssertionError" message="expected [true] but found [false]">
      <![CDATA[java.lang.AssertionError: expected [true] but found [false]
at test1.Reader.testRules(Reader.java:86)
at test1.Reader.main(Reader.java:211)
... Removed 25 stack frames]]>
    </failure>
  </testcase> <!-- testRules -->
  <testcase name="testRules" time="0.016" classname="test1.Reader">
    <failure type="java.lang.AssertionError" message="expected [true] but found [false]">
      <![CDATA[java.lang.AssertionError: expected [true] but found [false]
at test1.Reader.testRules(Reader.java:86)
at test1.Reader.main(Reader.java:211)
... Removed 25 stack frames]]>
    </failure>
  </testcase> <!-- testRules -->
  <testcase name="testRules" time="0.0" classname="test1.Reader">
    <failure type="java.lang.AssertionError" message="expected [true] but found [false]">
      <![CDATA[java.lang.AssertionError: expected [true] but found [false]
at test1.Reader.testRules(Reader.java:86)
at test1.Reader.main(Reader.java:211)
... Removed 25 stack frames]]>
    </failure>
  </testcase> <!-- testRules -->
  <testcase name="testRules" time="0.0" classname="test1.Reader">
    <failure type="java.lang.AssertionError" message="expected [true] but found [false]">
      <![CDATA[java.lang.AssertionError: expected [true] but found [false]
at test1.Reader.testRules(Reader.java:86)
at test1.Reader.main(Reader.java:211)
... Removed 25 stack frames]]>
    </failure>
  </testcase> <!-- testRules -->
  <testcase name="testRules" time="0.015" classname="test1.Reader">
    <failure type="java.lang.AssertionError" message="expected [true] but found [false]">
      <![CDATA[java.lang.AssertionError: expected [true] but found [false]
at test1.Reader.testRules(Reader.java:86)
at test1.Reader.main(Reader.java:211)
... Removed 25 stack frames]]>
    </failure>
  </testcase> <!-- testRules -->
  <testcase name="testRules" time="0.016" classname="test1.Reader">
    <failure type="java.lang.AssertionError" message="expected [true] but found [false]">
      <![CDATA[java.lang.AssertionError: expected [true] but found [false]
at test1.Reader.testRules(Reader.java:86)
at test1.Reader.main(Reader.java:211)
... Removed 25 stack frames]]>
    </failure>
  </testcase> <!-- testRules -->
  <testcase name="testRules" time="0.0" classname="test1.Reader">
    <failure type="java.lang.AssertionError" message="expected [true] but found [false]">
      <![CDATA[java.lang.AssertionError: expected [true] but found [false]
at test1.Reader.testRules(Reader.java:86)
at test1.Reader.main(Reader.java:211)
... Removed 25 stack frames]]>
    </failure>
  </testcase> <!-- testRules -->
  <testcase name="testRules" time="0.047" classname="test1.Reader">
    <failure type="java.lang.AssertionError" message="expected [true] but found [false]">
      <![CDATA[java.lang.AssertionError: expected [true] but found [false]
at test1.Reader.testRules(Reader.java:86)
at test1.Reader.main(Reader.java:211)
... Removed 25 stack frames]]>
    </failure>
  </testcase> <!-- testRules -->
  <testcase name="testRules" time="0.0" classname="test1.Reader">
    <failure type="java.lang.AssertionError" message="expected [true] but found [false]">
      <![CDATA[java.lang.AssertionError: expected [true] but found [false]
at test1.Reader.testRules(Reader.java:86)
at test1.Reader.main(Reader.java:211)
... Removed 25 stack frames]]>
    </failure>
  </testcase> <!-- testRules -->
  <testcase name="testRules" time="0.0" classname="test1.Reader">
    <failure type="java.lang.AssertionError" message="expected [true] but found [false]">
      <![CDATA[java.lang.AssertionError: expected [true] but found [false]
at test1.Reader.testRules(Reader.java:86)
at test1.Reader.main(Reader.java:211)
... Removed 25 stack frames]]>
    </failure>
  </testcase> <!-- testRules -->
  <testcase name="testRules" time="0.016" classname="test1.Reader">
    <failure type="java.lang.AssertionError" message="expected [true] but found [false]">
      <![CDATA[java.lang.AssertionError: expected [true] but found [false]
at test1.Reader.testRules(Reader.java:86)
at test1.Reader.main(Reader.java:211)
... Removed 25 stack frames]]>
    </failure>
  </testcase> <!-- testRules -->
  <testcase name="testRules" time="0.0" classname="test1.Reader">
    <failure type="java.lang.AssertionError" message="expected [true] but found [false]">
      <![CDATA[java.lang.AssertionError: expected [true] but found [false]
at test1.Reader.testRules(Reader.java:86)
at test1.Reader.main(Reader.java:211)
... Removed 25 stack frames]]>
    </failure>
  </testcase> <!-- testRules -->
  <testcase name="testRules" time="0.016" classname="test1.Reader">
    <failure type="java.lang.AssertionError" message="expected [true] but found [false]">
      <![CDATA[java.lang.AssertionError: expected [true] but found [false]
at test1.Reader.testRules(Reader.java:86)
at test1.Reader.main(Reader.java:211)
... Removed 25 stack frames]]>
    </failure>
  </testcase> <!-- testRules -->
  <testcase name="testRules" time="0.0" classname="test1.Reader">
    <failure type="java.lang.AssertionError" message="expected [true] but found [false]">
      <![CDATA[java.lang.AssertionError: expected [true] but found [false]
at test1.Reader.testRules(Reader.java:86)
at test1.Reader.main(Reader.java:211)
... Removed 25 stack frames]]>
    </failure>
  </testcase> <!-- testRules -->
  <testcase name="testRules" time="0.015" classname="test1.Reader">
    <failure type="java.lang.AssertionError" message="expected [true] but found [false]">
      <![CDATA[java.lang.AssertionError: expected [true] but found [false]
at test1.Reader.testRules(Reader.java:86)
at test1.Reader.main(Reader.java:211)
... Removed 25 stack frames]]>
    </failure>
  </testcase> <!-- testRules -->
  <testcase name="testRules" time="0.016" classname="test1.Reader">
    <failure type="java.lang.AssertionError" message="expected [true] but found [false]">
      <![CDATA[java.lang.AssertionError: expected [true] but found [false]
at test1.Reader.testRules(Reader.java:86)
at test1.Reader.main(Reader.java:211)
... Removed 25 stack frames]]>
    </failure>
  </testcase> <!-- testRules -->
  <testcase name="testRules" time="0.024" classname="test1.Reader">
    <failure type="java.lang.AssertionError" message="expected [true] but found [false]">
      <![CDATA[java.lang.AssertionError: expected [true] but found [false]
at test1.Reader.testRules(Reader.java:86)
at test1.Reader.main(Reader.java:211)
... Removed 25 stack frames]]>
    </failure>
  </testcase> <!-- testRules -->
  <testcase name="testRules" time="0.0" classname="test1.Reader">
    <failure type="java.lang.AssertionError" message="expected [true] but found [false]">
      <![CDATA[java.lang.AssertionError: expected [true] but found [false]
at test1.Reader.testRules(Reader.java:86)
at test1.Reader.main(Reader.java:211)
... Removed 25 stack frames]]>
    </failure>
  </testcase> <!-- testRules -->
  <testcase name="testRules" time="0.015" classname="test1.Reader">
    <failure type="java.lang.AssertionError" message="expected [true] but found [false]">
      <![CDATA[java.lang.AssertionError: expected [true] but found [false]
at test1.Reader.testRules(Reader.java:86)
at test1.Reader.main(Reader.java:211)
... Removed 25 stack frames]]>
    </failure>
  </testcase> <!-- testRules -->
  <testcase name="testRules" time="0.0" classname="test1.Reader">
    <failure type="java.lang.AssertionError" message="expected [true] but found [false]">
      <![CDATA[java.lang.AssertionError: expected [true] but found [false]
at test1.Reader.testRules(Reader.java:86)
at test1.Reader.main(Reader.java:211)
... Removed 25 stack frames]]>
    </failure>
  </testcase> <!-- testRules -->
  <testcase name="testRules" time="0.016" classname="test1.Reader">
    <failure type="java.lang.AssertionError" message="expected [true] but found [false]">
      <![CDATA[java.lang.AssertionError: expected [true] but found [false]
at test1.Reader.testRules(Reader.java:86)
at test1.Reader.main(Reader.java:211)
... Removed 25 stack frames]]>
    </failure>
  </testcase> <!-- testRules -->
  <testcase name="testRules" time="0.0" classname="test1.Reader">
    <failure type="java.lang.AssertionError" message="expected [true] but found [false]">
      <![CDATA[java.lang.AssertionError: expected [true] but found [false]
at test1.Reader.testRules(Reader.java:86)
at test1.Reader.main(Reader.java:211)
... Removed 25 stack frames]]>
    </failure>
  </testcase> <!-- testRules -->
  <testcase name="testRules" time="0.0" classname="test1.Reader">
    <failure type="java.lang.AssertionError" message="expected [true] but found [false]">
      <![CDATA[java.lang.AssertionError: expected [true] but found [false]
at test1.Reader.testRules(Reader.java:86)
at test1.Reader.main(Reader.java:211)
... Removed 25 stack frames]]>
    </failure>
  </testcase> <!-- testRules -->
  <testcase name="testRules" time="0.0" classname="test1.Reader">
    <failure type="java.lang.AssertionError" message="expected [true] but found [false]">
      <![CDATA[java.lang.AssertionError: expected [true] but found [false]
at test1.Reader.testRules(Reader.java:86)
at test1.Reader.main(Reader.java:211)
... Removed 25 stack frames]]>
    </failure>
  </testcase> <!-- testRules -->
  <testcase name="testRules" time="0.016" classname="test1.Reader">
    <failure type="java.lang.AssertionError" message="expected [true] but found [false]">
      <![CDATA[java.lang.AssertionError: expected [true] but found [false]
at test1.Reader.testRules(Reader.java:86)
at test1.Reader.main(Reader.java:211)
... Removed 25 stack frames]]>
    </failure>
  </testcase> <!-- testRules -->
  <testcase name="testRules" time="0.0" classname="test1.Reader">
    <failure type="java.lang.AssertionError" message="expected [true] but found [false]">
      <![CDATA[java.lang.AssertionError: expected [true] but found [false]
at test1.Reader.testRules(Reader.java:86)
at test1.Reader.main(Reader.java:211)
... Removed 25 stack frames]]>
    </failure>
  </testcase> <!-- testRules -->
  <testcase name="testRules" time="0.015" classname="test1.Reader">
    <failure type="java.lang.AssertionError" message="expected [true] but found [false]">
      <![CDATA[java.lang.AssertionError: expected [true] but found [false]
at test1.Reader.testRules(Reader.java:86)
at test1.Reader.main(Reader.java:211)
... Removed 25 stack frames]]>
    </failure>
  </testcase> <!-- testRules -->
  <testcase name="testRules" time="0.016" classname="test1.Reader">
    <failure type="java.lang.AssertionError" message="expected [true] but found [false]">
      <![CDATA[java.lang.AssertionError: expected [true] but found [false]
at test1.Reader.testRules(Reader.java:86)
at test1.Reader.main(Reader.java:211)
... Removed 25 stack frames]]>
    </failure>
  </testcase> <!-- testRules -->
  <testcase name="testRules" time="0.0" classname="test1.Reader">
    <failure type="java.lang.AssertionError" message="expected [true] but found [false]">
      <![CDATA[java.lang.AssertionError: expected [true] but found [false]
at test1.Reader.testRules(Reader.java:86)
at test1.Reader.main(Reader.java:211)
... Removed 25 stack frames]]>
    </failure>
  </testcase> <!-- testRules -->
  <testcase name="testRules" time="0.016" classname="test1.Reader">
    <failure type="java.lang.AssertionError" message="expected [true] but found [false]">
      <![CDATA[java.lang.AssertionError: expected [true] but found [false]
at test1.Reader.testRules(Reader.java:86)
at test1.Reader.main(Reader.java:211)
... Removed 25 stack frames]]>
    </failure>
  </testcase> <!-- testRules -->
  <testcase name="testRules" time="0.0" classname="test1.Reader">
    <failure type="java.lang.AssertionError" message="expected [true] but found [false]">
      <![CDATA[java.lang.AssertionError: expected [true] but found [false]
at test1.Reader.testRules(Reader.java:86)
at test1.Reader.main(Reader.java:211)
... Removed 25 stack frames]]>
    </failure>
  </testcase> <!-- testRules -->
  <testcase name="testRules" time="0.015" classname="test1.Reader">
    <failure type="java.lang.AssertionError" message="expected [true] but found [false]">
      <![CDATA[java.lang.AssertionError: expected [true] but found [false]
at test1.Reader.testRules(Reader.java:86)
at test1.Reader.main(Reader.java:211)
... Removed 25 stack frames]]>
    </failure>
  </testcase> <!-- testRules -->
  <testcase name="testRules" time="0.0" classname="test1.Reader">
    <failure type="java.lang.AssertionError" message="expected [true] but found [false]">
      <![CDATA[java.lang.AssertionError: expected [true] but found [false]
at test1.Reader.testRules(Reader.java:86)
at test1.Reader.main(Reader.java:211)
... Removed 25 stack frames]]>
    </failure>
  </testcase> <!-- testRules -->
  <testcase name="testRules" time="0.0" classname="test1.Reader">
    <failure type="java.lang.AssertionError" message="expected [true] but found [false]">
      <![CDATA[java.lang.AssertionError: expected [true] but found [false]
at test1.Reader.testRules(Reader.java:86)
at test1.Reader.main(Reader.java:211)
... Removed 25 stack frames]]>
    </failure>
  </testcase> <!-- testRules -->
  <testcase name="testRules" time="0.0" classname="test1.Reader">
    <failure type="java.lang.AssertionError" message="expected [true] but found [false]">
      <![CDATA[java.lang.AssertionError: expected [true] but found [false]
at test1.Reader.testRules(Reader.java:86)
at test1.Reader.main(Reader.java:211)
... Removed 25 stack frames]]>
    </failure>
  </testcase> <!-- testRules -->
  <testcase name="testRules" time="0.0" classname="test1.Reader">
    <failure type="java.lang.AssertionError" message="expected [true] but found [false]">
      <![CDATA[java.lang.AssertionError: expected [true] but found [false]
at test1.Reader.testRules(Reader.java:86)
at test1.Reader.main(Reader.java:211)
... Removed 25 stack frames]]>
    </failure>
  </testcase> <!-- testRules -->
  <testcase name="testRules" time="0.0" classname="test1.Reader">
    <failure type="java.lang.AssertionError" message="expected [true] but found [false]">
      <![CDATA[java.lang.AssertionError: expected [true] but found [false]
at test1.Reader.testRules(Reader.java:86)
at test1.Reader.main(Reader.java:211)
... Removed 25 stack frames]]>
    </failure>
  </testcase> <!-- testRules -->
  <testcase name="testRules" time="0.016" classname="test1.Reader">
    <failure type="java.lang.AssertionError" message="expected [true] but found [false]">
      <![CDATA[java.lang.AssertionError: expected [true] but found [false]
at test1.Reader.testRules(Reader.java:86)
at test1.Reader.main(Reader.java:211)
... Removed 25 stack frames]]>
    </failure>
  </testcase> <!-- testRules -->
  <testcase name="testRules" time="0.0" classname="test1.Reader">
    <failure type="java.lang.AssertionError" message="expected [true] but found [false]">
      <![CDATA[java.lang.AssertionError: expected [true] but found [false]
at test1.Reader.testRules(Reader.java:86)
at test1.Reader.main(Reader.java:211)
... Removed 25 stack frames]]>
    </failure>
  </testcase> <!-- testRules -->
  <testcase name="testRules" time="0.0" classname="test1.Reader">
    <failure type="java.lang.AssertionError" message="expected [true] but found [false]">
      <![CDATA[java.lang.AssertionError: expected [true] but found [false]
at test1.Reader.testRules(Reader.java:86)
at test1.Reader.main(Reader.java:211)
... Removed 25 stack frames]]>
    </failure>
  </testcase> <!-- testRules -->
  <testcase name="testRules" time="0.015" classname="test1.Reader">
    <failure type="java.lang.AssertionError" message="expected [true] but found [false]">
      <![CDATA[java.lang.AssertionError: expected [true] but found [false]
at test1.Reader.testRules(Reader.java:86)
at test1.Reader.main(Reader.java:211)
... Removed 25 stack frames]]>
    </failure>
  </testcase> <!-- testRules -->
  <testcase name="testRules" time="0.0" classname="test1.Reader">
    <failure type="java.lang.AssertionError" message="expected [true] but found [false]">
      <![CDATA[java.lang.AssertionError: expected [true] but found [false]
at test1.Reader.testRules(Reader.java:86)
at test1.Reader.main(Reader.java:211)
... Removed 25 stack frames]]>
    </failure>
  </testcase> <!-- testRules -->
  <testcase name="testRules" time="0.016" classname="test1.Reader">
    <failure type="java.lang.AssertionError" message="expected [true] but found [false]">
      <![CDATA[java.lang.AssertionError: expected [true] but found [false]
at test1.Reader.testRules(Reader.java:86)
at test1.Reader.main(Reader.java:211)
... Removed 25 stack frames]]>
    </failure>
  </testcase> <!-- testRules -->
  <testcase name="testRules" time="0.0" classname="test1.Reader">
    <failure type="java.lang.AssertionError" message="expected [true] but found [false]">
      <![CDATA[java.lang.AssertionError: expected [true] but found [false]
at test1.Reader.testRules(Reader.java:86)
at test1.Reader.main(Reader.java:211)
... Removed 25 stack frames]]>
    </failure>
  </testcase> <!-- testRules -->
  <testcase name="testRules" time="0.015" classname="test1.Reader">
    <failure type="java.lang.AssertionError" message="expected [true] but found [false]">
      <![CDATA[java.lang.AssertionError: expected [true] but found [false]
at test1.Reader.testRules(Reader.java:86)
at test1.Reader.main(Reader.java:211)
... Removed 25 stack frames]]>
    </failure>
  </testcase> <!-- testRules -->
  <testcase name="testRules" time="0.0" classname="test1.Reader">
    <failure type="java.lang.AssertionError" message="expected [true] but found [false]">
      <![CDATA[java.lang.AssertionError: expected [true] but found [false]
at test1.Reader.testRules(Reader.java:86)
at test1.Reader.main(Reader.java:211)
... Removed 25 stack frames]]>
    </failure>
  </testcase> <!-- testRules -->
  <testcase name="testRules" time="0.0" classname="test1.Reader">
    <failure type="java.lang.AssertionError" message="expected [true] but found [false]">
      <![CDATA[java.lang.AssertionError: expected [true] but found [false]
at test1.Reader.testRules(Reader.java:86)
at test1.Reader.main(Reader.java:211)
... Removed 25 stack frames]]>
    </failure>
  </testcase> <!-- testRules -->
  <testcase name="testRules" time="0.016" classname="test1.Reader">
    <failure type="java.lang.AssertionError" message="expected [true] but found [false]">
      <![CDATA[java.lang.AssertionError: expected [true] but found [false]
at test1.Reader.testRules(Reader.java:86)
at test1.Reader.main(Reader.java:211)
... Removed 25 stack frames]]>
    </failure>
  </testcase> <!-- testRules -->
  <testcase name="testRules" time="0.0" classname="test1.Reader">
    <failure type="java.lang.AssertionError" message="expected [true] but found [false]">
      <![CDATA[java.lang.AssertionError: expected [true] but found [false]
at test1.Reader.testRules(Reader.java:86)
at test1.Reader.main(Reader.java:211)
... Removed 25 stack frames]]>
    </failure>
  </testcase> <!-- testRules -->
  <testcase name="testRules" time="0.0" classname="test1.Reader">
    <failure type="java.lang.AssertionError" message="expected [true] but found [false]">
      <![CDATA[java.lang.AssertionError: expected [true] but found [false]
at test1.Reader.testRules(Reader.java:86)
at test1.Reader.main(Reader.java:211)
... Removed 25 stack frames]]>
    </failure>
  </testcase> <!-- testRules -->
  <testcase name="testRules" time="0.0" classname="test1.Reader">
    <failure type="java.lang.AssertionError" message="expected [true] but found [false]">
      <![CDATA[java.lang.AssertionError: expected [true] but found [false]
at test1.Reader.testRules(Reader.java:86)
at test1.Reader.main(Reader.java:211)
... Removed 25 stack frames]]>
    </failure>
  </testcase> <!-- testRules -->
  <testcase name="testRules" time="0.016" classname="test1.Reader">
    <failure type="java.lang.AssertionError" message="expected [true] but found [false]">
      <![CDATA[java.lang.AssertionError: expected [true] but found [false]
at test1.Reader.testRules(Reader.java:86)
at test1.Reader.main(Reader.java:211)
... Removed 25 stack frames]]>
    </failure>
  </testcase> <!-- testRules -->
  <testcase name="testRules" time="0.0" classname="test1.Reader">
    <failure type="java.lang.AssertionError" message="expected [true] but found [false]">
      <![CDATA[java.lang.AssertionError: expected [true] but found [false]
at test1.Reader.testRules(Reader.java:86)
at test1.Reader.main(Reader.java:211)
... Removed 25 stack frames]]>
    </failure>
  </testcase> <!-- testRules -->
  <testcase name="testRules" time="0.032" classname="test1.Reader">
    <failure type="java.lang.AssertionError" message="expected [true] but found [false]">
      <![CDATA[java.lang.AssertionError: expected [true] but found [false]
at test1.Reader.testRules(Reader.java:86)
at test1.Reader.main(Reader.java:211)
... Removed 25 stack frames]]>
    </failure>
  </testcase> <!-- testRules -->
  <testcase name="testRules" time="0.0" classname="test1.Reader">
    <failure type="java.lang.AssertionError" message="expected [true] but found [false]">
      <![CDATA[java.lang.AssertionError: expected [true] but found [false]
at test1.Reader.testRules(Reader.java:86)
at test1.Reader.main(Reader.java:211)
... Removed 25 stack frames]]>
    </failure>
  </testcase> <!-- testRules -->
  <testcase name="testRules" time="0.015" classname="test1.Reader">
    <failure type="java.lang.AssertionError" message="expected [true] but found [false]">
      <![CDATA[java.lang.AssertionError: expected [true] but found [false]
at test1.Reader.testRules(Reader.java:86)
at test1.Reader.main(Reader.java:211)
... Removed 25 stack frames]]>
    </failure>
  </testcase> <!-- testRules -->
  <testcase name="testRules" time="0.0" classname="test1.Reader">
    <failure type="java.lang.AssertionError" message="expected [true] but found [false]">
      <![CDATA[java.lang.AssertionError: expected [true] but found [false]
at test1.Reader.testRules(Reader.java:86)
at test1.Reader.main(Reader.java:211)
... Removed 25 stack frames]]>
    </failure>
  </testcase> <!-- testRules -->
  <testcase name="testRules" time="0.016" classname="test1.Reader">
    <failure type="java.lang.AssertionError" message="expected [true] but found [false]">
      <![CDATA[java.lang.AssertionError: expected [true] but found [false]
at test1.Reader.testRules(Reader.java:86)
at test1.Reader.main(Reader.java:211)
... Removed 25 stack frames]]>
    </failure>
  </testcase> <!-- testRules -->
  <testcase name="testRules" time="0.047" classname="test1.Reader">
    <failure type="java.lang.AssertionError" message="expected [true] but found [false]">
      <![CDATA[java.lang.AssertionError: expected [true] but found [false]
at test1.Reader.testRules(Reader.java:86)
at test1.Reader.main(Reader.java:211)
... Removed 25 stack frames]]>
    </failure>
  </testcase> <!-- testRules -->
  <testcase name="testRules" time="0.015" classname="test1.Reader">
    <failure type="java.lang.AssertionError" message="expected [true] but found [false]">
      <![CDATA[java.lang.AssertionError: expected [true] but found [false]
at test1.Reader.testRules(Reader.java:86)
at test1.Reader.main(Reader.java:211)
... Removed 25 stack frames]]>
    </failure>
  </testcase> <!-- testRules -->
  <testcase name="testRules" time="0.0" classname="test1.Reader">
    <failure type="java.lang.AssertionError" message="expected [true] but found [false]">
      <![CDATA[java.lang.AssertionError: expected [true] but found [false]
at test1.Reader.testRules(Reader.java:86)
at test1.Reader.main(Reader.java:211)
... Removed 25 stack frames]]>
    </failure>
  </testcase> <!-- testRules -->
  <testcase name="testRules" time="0.0" classname="test1.Reader">
    <failure type="java.lang.AssertionError" message="expected [true] but found [false]">
      <![CDATA[java.lang.AssertionError: expected [true] but found [false]
at test1.Reader.testRules(Reader.java:86)
at test1.Reader.main(Reader.java:211)
... Removed 25 stack frames]]>
    </failure>
  </testcase> <!-- testRules -->
  <testcase name="testRules" time="0.011" classname="test1.Reader">
    <failure type="java.lang.AssertionError" message="expected [true] but found [false]">
      <![CDATA[java.lang.AssertionError: expected [true] but found [false]
at test1.Reader.testRules(Reader.java:86)
at test1.Reader.main(Reader.java:211)
... Removed 25 stack frames]]>
    </failure>
  </testcase> <!-- testRules -->
  <testcase name="testRules" time="0.007" classname="test1.Reader">
    <failure type="java.lang.AssertionError" message="expected [true] but found [false]">
      <![CDATA[java.lang.AssertionError: expected [true] but found [false]
at test1.Reader.testRules(Reader.java:86)
at test1.Reader.main(Reader.java:211)
... Removed 25 stack frames]]>
    </failure>
  </testcase> <!-- testRules -->
  <testcase name="testRules" time="0.0" classname="test1.Reader">
    <failure type="java.lang.AssertionError" message="expected [true] but found [false]">
      <![CDATA[java.lang.AssertionError: expected [true] but found [false]
at test1.Reader.testRules(Reader.java:86)
at test1.Reader.main(Reader.java:211)
... Removed 25 stack frames]]>
    </failure>
  </testcase> <!-- testRules -->
  <testcase name="testRules" time="0.0" classname="test1.Reader">
    <failure type="java.lang.AssertionError" message="expected [true] but found [false]">
      <![CDATA[java.lang.AssertionError: expected [true] but found [false]
at test1.Reader.testRules(Reader.java:86)
at test1.Reader.main(Reader.java:211)
... Removed 25 stack frames]]>
    </failure>
  </testcase> <!-- testRules -->
  <testcase name="testRules" time="0.016" classname="test1.Reader">
    <failure type="java.lang.AssertionError" message="expected [true] but found [false]">
      <![CDATA[java.lang.AssertionError: expected [true] but found [false]
at test1.Reader.testRules(Reader.java:86)
at test1.Reader.main(Reader.java:211)
... Removed 25 stack frames]]>
    </failure>
  </testcase> <!-- testRules -->
  <testcase name="testRules" time="0.016" classname="test1.Reader">
    <failure type="java.lang.AssertionError" message="expected [true] but found [false]">
      <![CDATA[java.lang.AssertionError: expected [true] but found [false]
at test1.Reader.testRules(Reader.java:86)
at test1.Reader.main(Reader.java:211)
... Removed 25 stack frames]]>
    </failure>
  </testcase> <!-- testRules -->
  <testcase name="testRules" time="0.015" classname="test1.Reader">
    <failure type="java.lang.AssertionError" message="expected [true] but found [false]">
      <![CDATA[java.lang.AssertionError: expected [true] but found [false]
at test1.Reader.testRules(Reader.java:86)
at test1.Reader.main(Reader.java:211)
... Removed 25 stack frames]]>
    </failure>
  </testcase> <!-- testRules -->
  <testcase name="testRules" time="0.0" classname="test1.Reader">
    <failure type="java.lang.AssertionError" message="expected [true] but found [false]">
      <![CDATA[java.lang.AssertionError: expected [true] but found [false]
at test1.Reader.testRules(Reader.java:86)
at test1.Reader.main(Reader.java:211)
... Removed 25 stack frames]]>
    </failure>
  </testcase> <!-- testRules -->
  <testcase name="testRules" time="0.016" classname="test1.Reader">
    <failure type="java.lang.AssertionError" message="expected [true] but found [false]">
      <![CDATA[java.lang.AssertionError: expected [true] but found [false]
at test1.Reader.testRules(Reader.java:86)
at test1.Reader.main(Reader.java:211)
... Removed 25 stack frames]]>
    </failure>
  </testcase> <!-- testRules -->
  <testcase name="testRules" time="0.0" classname="test1.Reader">
    <failure type="java.lang.AssertionError" message="expected [true] but found [false]">
      <![CDATA[java.lang.AssertionError: expected [true] but found [false]
at test1.Reader.testRules(Reader.java:86)
at test1.Reader.main(Reader.java:211)
... Removed 25 stack frames]]>
    </failure>
  </testcase> <!-- testRules -->
  <testcase name="testRules" time="0.0" classname="test1.Reader">
    <failure type="java.lang.AssertionError" message="expected [true] but found [false]">
      <![CDATA[java.lang.AssertionError: expected [true] but found [false]
at test1.Reader.testRules(Reader.java:86)
at test1.Reader.main(Reader.java:211)
... Removed 25 stack frames]]>
    </failure>
  </testcase> <!-- testRules -->
  <testcase name="testRules" time="0.0" classname="test1.Reader">
    <failure type="java.lang.AssertionError" message="expected [true] but found [false]">
      <![CDATA[java.lang.AssertionError: expected [true] but found [false]
at test1.Reader.testRules(Reader.java:86)
at test1.Reader.main(Reader.java:211)
... Removed 25 stack frames]]>
    </failure>
  </testcase> <!-- testRules -->
  <testcase name="testRules" time="0.015" classname="test1.Reader">
    <failure type="java.lang.AssertionError" message="expected [true] but found [false]">
      <![CDATA[java.lang.AssertionError: expected [true] but found [false]
at test1.Reader.testRules(Reader.java:86)
at test1.Reader.main(Reader.java:211)
... Removed 25 stack frames]]>
    </failure>
  </testcase> <!-- testRules -->
  <testcase name="testRules" time="0.002" classname="test1.Reader">
    <failure type="java.lang.AssertionError" message="expected [true] but found [false]">
      <![CDATA[java.lang.AssertionError: expected [true] but found [false]
at test1.Reader.testRules(Reader.java:86)
at test1.Reader.main(Reader.java:211)
... Removed 25 stack frames]]>
    </failure>
  </testcase> <!-- testRules -->
  <testcase name="testRules" time="0.0" classname="test1.Reader">
    <failure type="java.lang.AssertionError" message="expected [true] but found [false]">
      <![CDATA[java.lang.AssertionError: expected [true] but found [false]
at test1.Reader.testRules(Reader.java:86)
at test1.Reader.main(Reader.java:211)
... Removed 25 stack frames]]>
    </failure>
  </testcase> <!-- testRules -->
  <testcase name="testRules" time="0.016" classname="test1.Reader">
    <failure type="java.lang.AssertionError" message="expected [true] but found [false]">
      <![CDATA[java.lang.AssertionError: expected [true] but found [false]
at test1.Reader.testRules(Reader.java:86)
at test1.Reader.main(Reader.java:211)
... Removed 25 stack frames]]>
    </failure>
  </testcase> <!-- testRules -->
  <testcase name="testRules" time="0.0" classname="test1.Reader">
    <failure type="java.lang.AssertionError" message="expected [true] but found [false]">
      <![CDATA[java.lang.AssertionError: expected [true] but found [false]
at test1.Reader.testRules(Reader.java:86)
at test1.Reader.main(Reader.java:211)
... Removed 25 stack frames]]>
    </failure>
  </testcase> <!-- testRules -->
  <testcase name="testRules" time="0.0" classname="test1.Reader">
    <failure type="java.lang.AssertionError" message="expected [true] but found [false]">
      <![CDATA[java.lang.AssertionError: expected [true] but found [false]
at test1.Reader.testRules(Reader.java:86)
at test1.Reader.main(Reader.java:211)
... Removed 25 stack frames]]>
    </failure>
  </testcase> <!-- testRules -->
  <testcase name="testRules" time="0.0" classname="test1.Reader">
    <failure type="java.lang.AssertionError" message="expected [true] but found [false]">
      <![CDATA[java.lang.AssertionError: expected [true] but found [false]
at test1.Reader.testRules(Reader.java:86)
at test1.Reader.main(Reader.java:211)
... Removed 25 stack frames]]>
    </failure>
  </testcase> <!-- testRules -->
  <testcase name="testRules" time="0.015" classname="test1.Reader">
    <failure type="java.lang.AssertionError" message="expected [true] but found [false]">
      <![CDATA[java.lang.AssertionError: expected [true] but found [false]
at test1.Reader.testRules(Reader.java:86)
at test1.Reader.main(Reader.java:211)
... Removed 25 stack frames]]>
    </failure>
  </testcase> <!-- testRules -->
  <testcase name="testRules" time="0.0" classname="test1.Reader">
    <failure type="java.lang.AssertionError" message="expected [true] but found [false]">
      <![CDATA[java.lang.AssertionError: expected [true] but found [false]
at test1.Reader.testRules(Reader.java:86)
at test1.Reader.main(Reader.java:211)
... Removed 25 stack frames]]>
    </failure>
  </testcase> <!-- testRules -->
  <testcase name="testRules" time="0.016" classname="test1.Reader">
    <failure type="java.lang.AssertionError" message="expected [true] but found [false]">
      <![CDATA[java.lang.AssertionError: expected [true] but found [false]
at test1.Reader.testRules(Reader.java:86)
at test1.Reader.main(Reader.java:211)
... Removed 25 stack frames]]>
    </failure>
  </testcase> <!-- testRules -->
  <testcase name="testRules" time="0.0" classname="test1.Reader">
    <failure type="java.lang.AssertionError" message="expected [true] but found [false]">
      <![CDATA[java.lang.AssertionError: expected [true] but found [false]
at test1.Reader.testRules(Reader.java:86)
at test1.Reader.main(Reader.java:211)
... Removed 25 stack frames]]>
    </failure>
  </testcase> <!-- testRules -->
  <testcase name="testRules" time="0.016" classname="test1.Reader">
    <failure type="java.lang.AssertionError" message="expected [true] but found [false]">
      <![CDATA[java.lang.AssertionError: expected [true] but found [false]
at test1.Reader.testRules(Reader.java:86)
at test1.Reader.main(Reader.java:211)
... Removed 25 stack frames]]>
    </failure>
  </testcase> <!-- testRules -->
  <testcase name="testRules" time="0.0" classname="test1.Reader">
    <failure type="java.lang.AssertionError" message="expected [true] but found [false]">
      <![CDATA[java.lang.AssertionError: expected [true] but found [false]
at test1.Reader.testRules(Reader.java:86)
at test1.Reader.main(Reader.java:211)
... Removed 25 stack frames]]>
    </failure>
  </testcase> <!-- testRules -->
  <testcase name="testRules" time="0.015" classname="test1.Reader">
    <failure type="java.lang.AssertionError" message="expected [true] but found [false]">
      <![CDATA[java.lang.AssertionError: expected [true] but found [false]
at test1.Reader.testRules(Reader.java:86)
at test1.Reader.main(Reader.java:211)
... Removed 25 stack frames]]>
    </failure>
  </testcase> <!-- testRules -->
  <testcase name="testRules" time="0.0" classname="test1.Reader">
    <failure type="java.lang.AssertionError" message="expected [true] but found [false]">
      <![CDATA[java.lang.AssertionError: expected [true] but found [false]
at test1.Reader.testRules(Reader.java:86)
at test1.Reader.main(Reader.java:211)
... Removed 25 stack frames]]>
    </failure>
  </testcase> <!-- testRules -->
  <testcase name="testRules" time="0.0" classname="test1.Reader">
    <failure type="java.lang.AssertionError" message="expected [true] but found [false]">
      <![CDATA[java.lang.AssertionError: expected [true] but found [false]
at test1.Reader.testRules(Reader.java:86)
at test1.Reader.main(Reader.java:211)
... Removed 25 stack frames]]>
    </failure>
  </testcase> <!-- testRules -->
  <testcase name="testRules" time="0.0" classname="test1.Reader">
    <failure type="java.lang.AssertionError" message="expected [true] but found [false]">
      <![CDATA[java.lang.AssertionError: expected [true] but found [false]
at test1.Reader.testRules(Reader.java:86)
at test1.Reader.main(Reader.java:211)
... Removed 25 stack frames]]>
    </failure>
  </testcase> <!-- testRules -->
  <testcase name="testRules" time="0.0" classname="test1.Reader">
    <failure type="java.lang.AssertionError" message="expected [true] but found [false]">
      <![CDATA[java.lang.AssertionError: expected [true] but found [false]
at test1.Reader.testRules(Reader.java:86)
at test1.Reader.main(Reader.java:211)
... Removed 25 stack frames]]>
    </failure>
  </testcase> <!-- testRules -->
  <testcase name="testRules" time="0.0" classname="test1.Reader">
    <failure type="java.lang.AssertionError" message="expected [true] but found [false]">
      <![CDATA[java.lang.AssertionError: expected [true] but found [false]
at test1.Reader.testRules(Reader.java:86)
at test1.Reader.main(Reader.java:211)
... Removed 25 stack frames]]>
    </failure>
  </testcase> <!-- testRules -->
  <testcase name="testRules" time="0.015" classname="test1.Reader">
    <failure type="java.lang.AssertionError" message="expected [true] but found [false]">
      <![CDATA[java.lang.AssertionError: expected [true] but found [false]
at test1.Reader.testRules(Reader.java:86)
at test1.Reader.main(Reader.java:211)
... Removed 25 stack frames]]>
    </failure>
  </testcase> <!-- testRules -->
  <testcase name="testRules" time="0.0" classname="test1.Reader">
    <failure type="java.lang.AssertionError" message="expected [true] but found [false]">
      <![CDATA[java.lang.AssertionError: expected [true] but found [false]
at test1.Reader.testRules(Reader.java:86)
at test1.Reader.main(Reader.java:211)
... Removed 25 stack frames]]>
    </failure>
  </testcase> <!-- testRules -->
  <testcase name="testRules" time="0.016" classname="test1.Reader">
    <failure type="java.lang.AssertionError" message="expected [true] but found [false]">
      <![CDATA[java.lang.AssertionError: expected [true] but found [false]
at test1.Reader.testRules(Reader.java:86)
at test1.Reader.main(Reader.java:211)
... Removed 25 stack frames]]>
    </failure>
  </testcase> <!-- testRules -->
  <testcase name="testRules" time="0.0" classname="test1.Reader">
    <failure type="java.lang.AssertionError" message="expected [true] but found [false]">
      <![CDATA[java.lang.AssertionError: expected [true] but found [false]
at test1.Reader.testRules(Reader.java:86)
at test1.Reader.main(Reader.java:211)
... Removed 25 stack frames]]>
    </failure>
  </testcase> <!-- testRules -->
  <testcase name="testRules" time="0.047" classname="test1.Reader">
    <failure type="java.lang.AssertionError" message="expected [true] but found [false]">
      <![CDATA[java.lang.AssertionError: expected [true] but found [false]
at test1.Reader.testRules(Reader.java:86)
at test1.Reader.main(Reader.java:211)
... Removed 25 stack frames]]>
    </failure>
  </testcase> <!-- testRules -->
  <testcase name="testRules" time="0.015" classname="test1.Reader">
    <failure type="java.lang.AssertionError" message="expected [true] but found [false]">
      <![CDATA[java.lang.AssertionError: expected [true] but found [false]
at test1.Reader.testRules(Reader.java:86)
at test1.Reader.main(Reader.java:211)
... Removed 25 stack frames]]>
    </failure>
  </testcase> <!-- testRules -->
  <testcase name="testRules" time="0.0" classname="test1.Reader">
    <failure type="java.lang.AssertionError" message="expected [true] but found [false]">
      <![CDATA[java.lang.AssertionError: expected [true] but found [false]
at test1.Reader.testRules(Reader.java:86)
at test1.Reader.main(Reader.java:211)
... Removed 25 stack frames]]>
    </failure>
  </testcase> <!-- testRules -->
  <testcase name="testRules" time="0.0" classname="test1.Reader">
    <failure type="java.lang.AssertionError" message="expected [true] but found [false]">
      <![CDATA[java.lang.AssertionError: expected [true] but found [false]
at test1.Reader.testRules(Reader.java:86)
at test1.Reader.main(Reader.java:211)
... Removed 25 stack frames]]>
    </failure>
  </testcase> <!-- testRules -->
  <testcase name="testRules" time="0.016" classname="test1.Reader">
    <failure type="java.lang.AssertionError" message="expected [true] but found [false]">
      <![CDATA[java.lang.AssertionError: expected [true] but found [false]
at test1.Reader.testRules(Reader.java:86)
[...]
    <failure type="java.lang.AssertionError" message="expected [true] but found [false]">
      <![CDATA[java.lang.AssertionError: expected [true] but found [false]
at test1.Reader.testRules(Reader.java:86)
at test1.Reader.main(Reader.java:211)
... Removed 25 stack frames]]>
    </failure>
  </testcase> <!-- testRules -->
  <testcase name="testRules" time="0.015" classname="test1.Reader"/>
  <testcase name="testRules" time="0.0" classname="test1.Reader"/>
  <testcase name="testRules" time="0.0" classname="test1.Reader"/>
  <testcase name="testRules" time="0.0" classname="test1.Reader"/>
  <testcase name="testRules" time="0.0" classname="test1.Reader">
    <failure type="java.lang.AssertionError" message="expected [true] but found [false]">
      <![CDATA[java.lang.AssertionError: expected [true] but found [false]
at test1.Reader.testRules(Reader.java:86)
at test1.Reader.main(Reader.java:211)
... Removed 25 stack frames]]>
    </failure>
  </testcase> <!-- testRules -->
  <testcase name="testRules" time="0.0" classname="test1.Reader"/>
  <testcase name="testRules" time="0.0" classname="test1.Reader"/>
  <testcase name="testRules" time="0.016" classname="test1.Reader">
    <failure type="java.lang.AssertionError" message="expected [true] but found [false]">
      <![CDATA[java.lang.AssertionError: expected [true] but found [false]
at test1.Reader.testRules(Reader.java:86)
at test1.Reader.main(Reader.java:211)
... Removed 25 stack frames]]>
    </failure>
  </testcase> <!-- testRules -->
  <testcase name="testRules" time="0.0" classname="test1.Reader"/>
  <testcase name="testRules" time="0.0" classname="test1.Reader"/>
  <testcase name="testRules" time="0.0" classname="test1.Reader">
    <failure type="java.lang.AssertionError" message="expected [true] but found [false]">
      <![CDATA[java.lang.AssertionError: expected [true] but found [false]
at test1.Reader.testRules(Reader.java:86)
at test1.Reader.main(Reader.java:211)
... Removed 25 stack frames]]>
    </failure>
  </testcase> <!-- testRules -->
  <testcase name="testRules" time="0.0" classname="test1.Reader">
    <failure type="java.lang.AssertionError" message="expected [true] but found [false]">
      <![CDATA[java.lang.AssertionError: expected [true] but found [false]
at test1.Reader.testRules(Reader.java:86)
at test1.Reader.main(Reader.java:211)
... Removed 25 stack frames]]>
    </failure>
  </testcase> <!-- testRules -->
  <testcase name="testRules" time="0.035" classname="test1.Reader"/>
  <testcase name="testRules" time="0.0" classname="test1.Reader"/>
  <testcase name="testRules" time="0.01" classname="test1.Reader"/>
  <testcase name="testRules" time="0.0" classname="test1.Reader"/>
  <testcase name="testRules" time="0.0" classname="test1.Reader">
    <failure type="java.lang.AssertionError" message="expected [true] but found [false]">
      <![CDATA[java.lang.AssertionError: expected [true] but found [false]
at test1.Reader.testRules(Reader.java:86)
at test1.Reader.main(Reader.java:211)
... Removed 25 stack frames]]>
    </failure>
  </testcase> <!-- testRules -->
  <testcase name="testRules" time="0.016" classname="test1.Reader"/>
  <testcase name="testRules" time="0.0" classname="test1.Reader"/>
  <testcase name="testRules" time="0.0" classname="test1.Reader">
    <failure type="java.lang.AssertionError" message="expected [true] but found [false]">
      <![CDATA[java.lang.AssertionError: expected [true] but found [false]
at test1.Reader.testRules(Reader.java:86)
at test1.Reader.main(Reader.java:211)
... Removed 25 stack frames]]>
    </failure>
  </testcase> <!-- testRules -->
  <testcase name="testRules" time="0.0" classname="test1.Reader">
    <failure type="java.lang.AssertionError" message="expected [true] but found [false]">
      <![CDATA[java.lang.AssertionError: expected [true] but found [false]
at test1.Reader.testRules(Reader.java:86)
at test1.Reader.main(Reader.java:211)
... Removed 25 stack frames]]>
    </failure>
  </testcase> <!-- testRules -->
  <testcase name="testRules" time="0.015" classname="test1.Reader"/>
  <testcase name="testRules" time="0.0" classname="test1.Reader">
    <failure type="java.lang.AssertionError" message="expected [true] but found [false]">
      <![CDATA[java.lang.AssertionError: expected [true] but found [false]
at test1.Reader.testRules(Reader.java:86)
at test1.Reader.main(Reader.java:211)
... Removed 25 stack frames]]>
    </failure>
  </testcase> <!-- testRules -->
  <testcase name="testRules" time="0.009" classname="test1.Reader"/>
  <testcase name="testRules" time="0.0" classname="test1.Reader"/>
  <testcase name="testRules" time="0.0" classname="test1.Reader">
    <failure type="java.lang.AssertionError" message="expected [true] but found [false]">
      <![CDATA[java.lang.AssertionError: expected [true] but found [false]
at test1.Reader.testRules(Reader.java:86)
at test1.Reader.main(Reader.java:211)
... Removed 25 stack frames]]>
    </failure>
  </testcase> <!-- testRules -->
  <testcase name="testRules" time="0.0" classname="test1.Reader"/>
  <testcase name="testRules" time="0.0" classname="test1.Reader"/>
  <testcase name="testRules" time="0.015" classname="test1.Reader"/>
  <testcase name="testRules" time="0.0" classname="test1.Reader"/>
  <testcase name="testRules" time="0.0" classname="test1.Reader">
    <failure type="java.lang.AssertionError" message="expected [true] but found [false]">
      <![CDATA[java.lang.AssertionError: expected [true] but found [false]
at test1.Reader.testRules(Reader.java:86)
at test1.Reader.main(Reader.java:211)
... Removed 25 stack frames]]>
    </failure>
  </testcase> <!-- testRules -->
  <testcase name="testRules" time="0.016" classname="test1.Reader">
    <failure type="java.lang.AssertionError" message="expected [true] but found [false]">
      <![CDATA[java.lang.AssertionError: expected [true] but found [false]
at test1.Reader.testRules(Reader.java:86)
at test1.Reader.main(Reader.java:211)
... Removed 25 stack frames]]>
    </failure>
  </testcase> <!-- testRules -->
  <testcase name="testRules" time="0.0" classname="test1.Reader">
    <failure type="java.lang.AssertionError" message="expected [true] but found [false]">
      <![CDATA[java.lang.AssertionError: expected [true] but found [false]
at test1.Reader.testRules(Reader.java:86)
at test1.Reader.main(Reader.java:211)
... Removed 25 stack frames]]>
    </failure>
  </testcase> <!-- testRules -->
  <testcase name="testRules" time="0.0" classname="test1.Reader">
    <failure type="java.lang.AssertionError" message="expected [true] but found [false]">
      <![CDATA[java.lang.AssertionError: expected [true] but found [false]
at test1.Reader.testRules(Reader.java:86)
at test1.Reader.main(Reader.java:211)
... Removed 25 stack frames]]>
    </failure>
  </testcase> <!-- testRules -->
  <testcase name="testRules" time="0.0" classname="test1.Reader">
    <failure type="java.lang.AssertionError" message="expected [true] but found [false]">
      <![CDATA[java.lang.AssertionError: expected [true] but found [false]
at test1.Reader.testRules(Reader.java:86)
at test1.Reader.main(Reader.java:211)
... Removed 25 stack frames]]>
    </failure>
  </testcase> <!-- testRules -->
  <testcase name="testRules" time="0.0" classname="test1.Reader"/>
  <testcase name="testRules" time="0.0" classname="test1.Reader">
    <failure type="java.lang.AssertionError" message="expected [true] but found [false]">
      <![CDATA[java.lang.AssertionError: expected [true] but found [false]
at test1.Reader.testRules(Reader.java:86)
at test1.Reader.main(Reader.java:211)
... Removed 25 stack frames]]>
    </failure>
  </testcase> <!-- testRules -->
  <testcase name="testRules" time="0.015" classname="test1.Reader"/>
  <testcase name="testRules" time="0.0" classname="test1.Reader">
    <failure type="java.lang.AssertionError" message="expected [true] but found [false]">
      <![CDATA[java.lang.AssertionError: expected [true] but found [false]
at test1.Reader.testRules(Reader.java:86)
at test1.Reader.main(Reader.java:211)
... Removed 25 stack frames]]>
    </failure>
  </testcase> <!-- testRules -->
  <testcase name="testRules" time="0.0" classname="test1.Reader"/>
  <testcase name="testRules" time="0.0" classname="test1.Reader"/>
  <testcase name="testRules" time="0.0" classname="test1.Reader"/>
  <testcase name="testRules" time="0.016" classname="test1.Reader"/>
  <testcase name="testRules" time="0.0" classname="test1.Reader"/>
  <testcase name="testRules" time="0.0" classname="test1.Reader"/>
  <testcase name="testRules" time="0.0" classname="test1.Reader">
    <failure type="java.lang.AssertionError" message="expected [true] but found [false]">
      <![CDATA[java.lang.AssertionError: expected [true] but found [false]
at test1.Reader.testRules(Reader.java:86)
at test1.Reader.main(Reader.java:211)
... Removed 25 stack frames]]>
    </failure>
  </testcase> <!-- testRules -->
  <testcase name="testRules" time="0.015" classname="test1.Reader">
    <failure type="java.lang.AssertionError" message="expected [true] but found [false]">
      <![CDATA[java.lang.AssertionError: expected [true] but found [false]
at test1.Reader.testRules(Reader.java:86)
at test1.Reader.main(Reader.java:211)
... Removed 25 stack frames]]>
    </failure>
  </testcase> <!-- testRules -->
  <testcase name="testRules" time="0.0" classname="test1.Reader"/>
  <testcase name="testRules" time="0.016" classname="test1.Reader">
    <failure type="java.lang.AssertionError" message="expected [true] but found [false]">
      <![CDATA[java.lang.AssertionError: expected [true] but found [false]
at test1.Reader.testRules(Reader.java:86)
at test1.Reader.main(Reader.java:211)
... Removed 25 stack frames]]>
    </failure>
  </testcase> <!-- testRules -->
  <testcase name="testRules" time="0.0" classname="test1.Reader"/>
  <testcase name="testRules" time="0.0" classname="test1.Reader"/>
  <testcase name="testRules" time="0.016" classname="test1.Reader">
    <failure type="java.lang.AssertionError" message="expected [true] but found [false]">
      <![CDATA[java.lang.AssertionError: expected [true] but found [false]
at test1.Reader.testRules(Reader.java:86)
at test1.Reader.main(Reader.java:211)
... Removed 25 stack frames]]>
    </failure>
  </testcase> <!-- testRules -->
  <testcase name="testRules" time="0.0" classname="test1.Reader">
    <failure type="java.lang.AssertionError" message="expected [true] but found [false]">
      <![CDATA[java.lang.AssertionError: expected [true] but found [false]
at test1.Reader.testRules(Reader.java:86)
at test1.Reader.main(Reader.java:211)
... Removed 25 stack frames]]>
    </failure>
  </testcase> <!-- testRules -->
  <testcase name="testRules" time="0.0" classname="test1.Reader">
    <failure type="java.lang.AssertionError" message="expected [true] but found [false]">
      <![CDATA[java.lang.AssertionError: expected [true] but found [false]
at test1.Reader.testRules(Reader.java:86)
at test1.Reader.main(Reader.java:211)
... Removed 25 stack frames]]>
    </failure>
  </testcase> <!-- testRules -->
  <testcase name="testRules" time="0.015" classname="test1.Reader">
    <failure type="java.lang.AssertionError" message="expected [true] but found [false]">
      <![CDATA[java.lang.AssertionError: expected [true] but found [false]
at test1.Reader.testRules(Reader.java:86)
at test1.Reader.main(Reader.java:211)
... Removed 25 stack frames]]>
    </failure>
  </testcase> <!-- testRules -->
  <testcase name="testRules" time="0.0" classname="test1.Reader"/>
  <testcase name="testRules" time="0.0" classname="test1.Reader"/>
  <testcase name="testRules" time="0.0" classname="test1.Reader"/>
  <testcase name="testRules" time="0.016" classname="test1.Reader">
    <failure type="java.lang.AssertionError" message="expected [true] but found [false]">
      <![CDATA[java.lang.AssertionError: expected [true] but found [false]
at test1.Reader.testRules(Reader.java:86)
at test1.Reader.main(Reader.java:211)
... Removed 25 stack frames]]>
    </failure>
  </testcase> <!-- testRules -->
  <testcase name="testRules" time="0.0" classname="test1.Reader">
    <failure type="java.lang.AssertionError" message="expected [true] but found [false]">
      <![CDATA[java.lang.AssertionError: expected [true] but found [false]
at test1.Reader.testRules(Reader.java:86)
at test1.Reader.main(Reader.java:211)
... Removed 25 stack frames]]>
    </failure>
  </testcase> <!-- testRules -->
  <testcase name="testRules" time="0.0" classname="test1.Reader"/>
  <testcase name="testRules" time="0.0" classname="test1.Reader">
    <failure type="java.lang.AssertionError" message="expected [true] but found [false]">
      <![CDATA[java.lang.AssertionError: expected [true] but found [false]
at test1.Reader.testRules(Reader.java:86)
at test1.Reader.main(Reader.java:211)
... Removed 25 stack frames]]>
    </failure>
  </testcase> <!-- testRules -->
  <testcase name="testRules" time="0.0" classname="test1.Reader"/>
  <testcase name="testRules" time="0.016" classname="test1.Reader"/>
  <testcase name="testRules" time="0.0" classname="test1.Reader"/>
  <testcase name="testRules" time="0.0" classname="test1.Reader">
    <failure type="java.lang.AssertionError" message="expected [true] but found [false]">
      <![CDATA[java.lang.AssertionError: expected [true] but found [false]
at test1.Reader.testRules(Reader.java:86)
at test1.Reader.main(Reader.java:211)
... Removed 25 stack frames]]>
    </failure>
  </testcase> <!-- testRules -->
  <testcase name="testRules" time="0.015" classname="test1.Reader"/>
  <testcase name="testRules" time="0.0" classname="test1.Reader">
    <failure type="java.lang.AssertionError" message="expected [true] but found [false]">
      <![CDATA[java.lang.AssertionError: expected [true] but found [false]
at test1.Reader.testRules(Reader.java:86)
at test1.Reader.main(Reader.java:211)
... Removed 25 stack frames]]>
    </failure>
  </testcase> <!-- testRules -->
  <testcase name="testRules" time="0.0" classname="test1.Reader"/>
  <testcase name="testRules" time="0.0" classname="test1.Reader"/>
  <testcase name="testRules" time="0.0" classname="test1.Reader">
    <failure type="java.lang.AssertionError" message="expected [true] but found [false]">
      <![CDATA[java.lang.AssertionError: expected [true] but found [false]
at test1.Reader.testRules(Reader.java:86)
at test1.Reader.main(Reader.java:211)
... Removed 25 stack frames]]>
    </failure>
  </testcase> <!-- testRules -->
  <testcase name="testRules" time="0.016" classname="test1.Reader">
    <failure type="java.lang.AssertionError" message="expected [true] but found [false]">
      <![CDATA[java.lang.AssertionError: expected [true] but found [false]
at test1.Reader.testRules(Reader.java:86)
at test1.Reader.main(Reader.java:211)
... Removed 25 stack frames]]>
    </failure>
  </testcase> <!-- testRules -->
  <testcase name="testRules" time="0.0" classname="test1.Reader">
    <failure type="java.lang.AssertionError" message="expected [true] but found [false]">
      <![CDATA[java.lang.AssertionError: expected [true] but found [false]
at test1.Reader.testRules(Reader.java:86)
at test1.Reader.main(Reader.java:211)
... Removed 25 stack frames]]>
    </failure>
  </testcase> <!-- testRules -->
  <testcase name="testRules" time="0.062" classname="test1.Reader"/>
  <testcase name="testRules" time="0.0" classname="test1.Reader"/>
  <testcase name="testRules" time="0.0" classname="test1.Reader"/>
  <testcase name="testRules" time="0.016" classname="test1.Reader"/>
  <testcase name="testRules" time="0.0" classname="test1.Reader"/>
  <testcase name="testRules" time="0.0" classname="test1.Reader"/>
  <testcase name="testRules" time="0.0" classname="test1.Reader"/>
  <testcase name="testRules" time="0.015" classname="test1.Reader">
    <failure type="java.lang.AssertionError" message="expected [true] but found [false]">
      <![CDATA[java.lang.AssertionError: expected [true] but found [false]
at test1.Reader.testRules(Reader.java:86)
at test1.Reader.main(Reader.java:211)
... Removed 25 stack frames]]>
    </failure>
  </testcase> <!-- testRules -->
  <testcase name="testRules" time="0.0" classname="test1.Reader">
    <failure type="java.lang.AssertionError" message="expected [true] but found [false]">
      <![CDATA[java.lang.AssertionError: expected [true] but found [false]
at test1.Reader.testRules(Reader.java:86)
at test1.Reader.main(Reader.java:211)
... Removed 25 stack frames]]>
    </failure>
  </testcase> <!-- testRules -->
  <testcase name="testRules" time="0.0" classname="test1.Reader">
    <failure type="java.lang.AssertionError" message="expected [true] but found [false]">
      <![CDATA[java.lang.AssertionError: expected [true] but found [false]
at test1.Reader.testRules(Reader.java:86)
at test1.Reader.main(Reader.java:211)
... Removed 25 stack frames]]>
    </failure>
  </testcase> <!-- testRules -->
  <testcase name="testRules" time="0.016" classname="test1.Reader"/>
  <testcase name="testRules" time="0.0" classname="test1.Reader"/>
  <testcase name="testRules" time="0.0" classname="test1.Reader"/>
  <testcase name="testRules" time="0.015" classname="test1.Reader">
    <failure type="java.lang.AssertionError" message="expected [true] but found [false]">
      <![CDATA[java.lang.AssertionError: expected [true] but found [false]
at test1.Reader.testRules(Reader.java:86)
at test1.Reader.main(Reader.java:211)
... Removed 25 stack frames]]>
    </failure>
  </testcase> <!-- testRules -->
  <testcase name="testRules" time="0.0" classname="test1.Reader"/>
  <testcase name="testRules" time="0.0" classname="test1.Reader">
    <failure type="java.lang.AssertionError" message="expected [true] but found [false]">
      <![CDATA[java.lang.AssertionError: expected [true] but found [false]
at test1.Reader.testRules(Reader.java:86)
at test1.Reader.main(Reader.java:211)
... Removed 25 stack frames]]>
    </failure>
  </testcase> <!-- testRules -->
  <testcase name="testRules" time="0.0" classname="test1.Reader">
    <failure type="java.lang.AssertionError" message="expected [true] but found [false]">
      <![CDATA[java.lang.AssertionError: expected [true] but found [false]
at test1.Reader.testRules(Reader.java:86)
at test1.Reader.main(Reader.java:211)
... Removed 25 stack frames]]>
    </failure>
  </testcase> <!-- testRules -->
  <testcase name="testRules" time="0.0" classname="test1.Reader">
    <failure type="java.lang.AssertionError" message="expected [true] but found [false]">
      <![CDATA[java.lang.AssertionError: expected [true] but found [false]
at test1.Reader.testRules(Reader.java:86)
at test1.Reader.main(Reader.java:211)
... Removed 25 stack frames]]>
    </failure>
  </testcase> <!-- testRules -->
  <testcase name="testRules" time="0.0" classname="test1.Reader">
    <failure type="java.lang.AssertionError" message="expected [true] but found [false]">
      <![CDATA[java.lang.AssertionError: expected [true] but found [false]
at test1.Reader.testRules(Reader.java:86)
at test1.Reader.main(Reader.java:211)
... Removed 25 stack frames]]>
    </failure>
  </testcase> <!-- testRules -->
  <testcase name="testRules" time="0.016" classname="test1.Reader">
    <failure type="java.lang.AssertionError" message="expected [true] but found [false]">
      <![CDATA[java.lang.AssertionError: expected [true] but found [false]
at test1.Reader.testRules(Reader.java:86)
at test1.Reader.main(Reader.java:211)
... Removed 25 stack frames]]>
    </failure>
  </testcase> <!-- testRules -->
  <testcase name="testRules" time="0.0" classname="test1.Reader">
    <failure type="java.lang.AssertionError" message="expected [true] but found [false]">
      <![CDATA[java.lang.AssertionError: expected [true] but found [false]
at test1.Reader.testRules(Reader.java:86)
at test1.Reader.main(Reader.java:211)
... Removed 25 stack frames]]>
    </failure>
  </testcase> <!-- testRules -->
</testsuite> <!-- Command line test -->
